Running: D:\14.7\ISE_DS\ISE\bin\nt64\unwrapped\fuse.exe -intstyle ise -incremental -lib unisims_ver -lib unimacro_ver -lib xilinxcorelib_ver -o C:/Users/27628/Documents/CO-2025/P4/SingleProcessCPU/mips_tb_isim_beh.exe -prj C:/Users/27628/Documents/CO-2025/P4/SingleProcessCPU/mips_tb_beh.prj work.mips_tb work.glbl 
ISim P.20131013 (signature 0x7708f090)
Number of CPUs detected in this system: 18
Turning on mult-threading, number of parallel sub-compilation jobs: 36 
Determining compilation order of HDL files
Analyzing Verilog file "C:/Users/27628/Documents/CO-2025/P4/SingleProcessCPU/Splitter.v" into library work
Analyzing Verilog file "C:/Users/27628/Documents/CO-2025/P4/SingleProcessCPU/pc.v" into library work
Analyzing Verilog file "C:/Users/27628/Documents/CO-2025/P4/SingleProcessCPU/NPC.v" into library work
Analyzing Verilog file "C:/Users/27628/Documents/CO-2025/P4/SingleProcessCPU/IM.v" into library work
Analyzing Verilog file "C:/Users/27628/Documents/CO-2025/P4/SingleProcessCPU/GRF.v" into library work
Analyzing Verilog file "C:/Users/27628/Documents/CO-2025/P4/SingleProcessCPU/EXT.v" into library work
Analyzing Verilog file "C:/Users/27628/Documents/CO-2025/P4/SingleProcessCPU/DM.v" into library work
Analyzing Verilog file "C:/Users/27628/Documents/CO-2025/P4/SingleProcessCPU/Controller.v" into library work
Analyzing Verilog file "C:/Users/27628/Documents/CO-2025/P4/SingleProcessCPU/ALU.v" into library work
Analyzing Verilog file "C:/Users/27628/Documents/CO-2025/P4/SingleProcessCPU/mips.v" into library work
Analyzing Verilog file "C:/Users/27628/Documents/CO-2025/P4/SingleProcessCPU/mips_tb.v" into library work
Analyzing Verilog file "D:/14.7/ISE_DS/ISE//verilog/src/glbl.v" into library work
Starting static elaboration
Completed static elaboration
Compiling module PC
Compiling module NPC
Compiling module IM
Compiling module Splitter
Compiling module Controller
Compiling module GRF
Compiling module EXT
Compiling module ALU
Compiling module DM
Compiling module mips
Compiling module mips_tb
Compiling module glbl
Time Resolution for simulation is 1ps.
Waiting for 1 sub-compilation(s) to finish...
Compiled 12 Verilog Units
Built simulation executable C:/Users/27628/Documents/CO-2025/P4/SingleProcessCPU/mips_tb_isim_beh.exe
Fuse Memory Usage: 33200 KB
Fuse CPU Usage: 467 ms
