ISim log file
Running: C:\Users\27628\Documents\CO-2025\P4\SingleProcessCPU\mips_tb_isim_beh.exe -intstyle ise -gui -tclbatch isim.cmd -wdb C:/Users/27628/Documents/CO-2025/P4/SingleProcessCPU/mips_tb_isim_beh.wdb 
ISim P.20131013 (signature 0x7708f090)
----------------------------------------------------------------------
INFO:Security:51 - The XILINXD_LICENSE_FILE environment variable is not set.
INFO:Security:53 - The LM_LICENSE_FILE environment variable is not set.
INFO:Security:68a - user is 27628, on host NAONAOLIU.
WARNING:Security:43 - No license file was found in the standard Xilinx license directory.
WARNING:Security:44 - Since no license file was found,
       please run the Xilinx License Configuration Manager
       (xlcm or "Manage Xilinx Licenses")
       to assist in obtaining a license.
ERROR:Security:14 - No feature was available for 'ISIM'.

No such feature exists.
Feature:       ISIM
License path:  C:/.Xilinx;D:\14.7\ISE_DS\ISE\/data\*.lic;D:\14.7\ISE_DS\ISE\/coregen/core_licenses\Xilinx.lic;D:\14.7\ISE_DS\ISE\/coregen/core_licenses\XilinxFree.lic;D:\14.7\ISE_DS\EDK/data/core_licenses\Xilinx.lic;
FLEXnet Licensing error:-5,357
For further information, refer to the FLEXnet Licensing documentation,
available at "www.flexerasoftware.com".
----------------------------------------------------------------------
WARNING: A full ISim License cannot be checked out due to the issues listed above. Please use Xilinx License Configuration Manager to fix these issues in order to check out a full ISim license.
WARNING: ISim will run in Lite mode. Please refer to the ISim documentation for more information on the differences between the Lite and the Full version.
This is a Lite version of ISim.
Time resolution is 1 ps
# onerror resume
# wave add /
# run 1000 ns
Simulator is doing circuit initialization process.
Finished circuit initialization process.
@00003000: $31 <= 00003004
@00003020: $31 <= 00003024
@00003018: $31 <= 0000301c
@00003008: $31 <= 0000300c
@00003034: $31 <= 00003038
@0000303c: $31 <= 00003040
@0000305c: $31 <= 00003060
@00003054: $31 <= 00003058
@00003068: $31 <= 0000306c
@00003088: $31 <= 0000308c
@00003070: $31 <= 00003074
@00003094: $31 <= 00003098
@000030bc: $31 <= 000030c0
@000030b4: $31 <= 000030b8
@000030ac: $31 <= 000030b0
@000030c8: $31 <= 000030cc
@000030d0: $31 <= 000030d4
@000030d8: $31 <= 000030dc
@000030f4: $31 <= 000030f8
@000030fc: $31 <= 00003100
@00003114: $31 <= 00003118
@00003120: $31 <= 00003124
@00003128: $31 <= 0000312c
@00003140: $31 <= 00003144
@0000314c: $31 <= 00003150
@0000316c: $31 <= 00003170
@0000315c: $31 <= 00003160
@00003178: $31 <= 0000317c
@00003180: $31 <= 00003184
@00003190: $31 <= 00003194
@00003198: $31 <= 0000319c
@000031ac: $31 <= 000031b0
@000031bc: $31 <= 000031c0
@000031b4: $31 <= 000031b8
@000031d8: $31 <= 000031dc
@000031f0: $31 <= 000031f4
@000031e0: $31 <= 000031e4
@00003204: $31 <= 00003208
@0000320c: $31 <= 00003210
@00003224: $31 <= 00003228
@00003230: $31 <= 00003234
@00003238: $31 <= 0000323c
@00003240: $31 <= 00003244
@00003258: $31 <= 0000325c
@00003264: $31 <= 00003268
@00003274: $31 <= 00003278
@0000327c: $31 <= 00003280
@00003290: $31 <= 00003294
@000032a8: $31 <= 000032ac
@000032b0: $31 <= 000032b4
@000032b8: $31 <= 000032bc
@000032c4: $31 <= 000032c8
@000032e4: $31 <= 000032e8
@000032d4: $31 <= 000032d8
@000032dc: $31 <= 000032e0
@000032f8: $31 <= 000032fc
@00003300: $31 <= 00003304
@00003318: $31 <= 0000331c
@00003308: $31 <= 0000330c
@0000332c: $31 <= 00003330
@00003334: $31 <= 00003338
@00003344: $31 <= 00003348
@00003358: $31 <= 0000335c
@00003368: $31 <= 0000336c
@00003360: $31 <= 00003364
@00003384: $31 <= 00003388
@0000338c: $31 <= 00003390
@000033a4: $31 <= 000033a8
@000033b0: $31 <= 000033b4
@000033b8: $31 <= 000033bc
@000033c8: $31 <= 000033cc
@000033dc: $31 <= 000033e0
@000033e4: $31 <= 000033e8
@000033fc: $31 <= 00003400
@00003408: $31 <= 0000340c
@00003410: $31 <= 00003414
@00003428: $31 <= 0000342c
@00003434: $31 <= 00003438
@00003444: $31 <= 00003448
@0000343c: $31 <= 00003440
@00003454: $31 <= 00003458
@00003468: $31 <= 0000346c
@00003478: $31 <= 0000347c
@00003470: $31 <= 00003474
@00003494: $31 <= 00003498
@0000349c: $31 <= 000034a0
@000034ac: $31 <= 000034b0
@000034bc: $31 <= 000034c0
@000034c8: $31 <= 000034cc
@000034e8: $31 <= 000034ec
@000034d8: $31 <= 000034dc
@000034f4: $31 <= 000034f8
@0000350c: $31 <= 00003510
@00003504: $31 <= 00003508
@000034fc: $31 <= 00003500
@00003528: $31 <= 0000352c
@00003530: $31 <= 00003534
@00003538: $31 <= 0000353c
@00003540: $31 <= 00003544
@0000355c: $31 <= 00003560
@00003564: $31 <= 00003568
@0000356c: $31 <= 00003570
@0000357c: $31 <= 00003580
@00003590: $31 <= 00003594
@000035a0: $31 <= 000035a4
@000035b0: $31 <= 000035b4
@00003598: $31 <= 0000359c
@000035c4: $31 <= 000035c8
@000035e4: $31 <= 000035e8
@000035dc: $31 <= 000035e0
@000035d4: $31 <= 000035d8
@000035f8: $31 <= 000035fc
@00003620: $31 <= 00003624
@00003600: $31 <= 00003604
@00003618: $31 <= 0000361c
@0000362c: $31 <= 00003630
@00003634: $31 <= 00003638
@00003644: $31 <= 00003648
@00003654: $31 <= 00003658
@00003660: $31 <= 00003664
@00003680: $31 <= 00003684
@00003670: $31 <= 00003674
@0000368c: $31 <= 00003690
@000036a4: $31 <= 000036a8
@00003694: $31 <= 00003698
@000036b8: $31 <= 000036bc
@000036c0: $31 <= 000036c4
@000036d8: $31 <= 000036dc
@000036e4: $31 <= 000036e8
@000036ec: $31 <= 000036f0
@0000370c: $31 <= 00003710
@00003704: $31 <= 00003708
@00003718: $31 <= 0000371c
@00003740: $31 <= 00003744
@00003730: $31 <= 00003734
@00003728: $31 <= 0000372c
@0000374c: $31 <= 00003750
@0000375c: $31 <= 00003760
@0000376c: $31 <= 00003770
@00003778: $31 <= 0000377c
@00003790: $31 <= 00003794
@00003780: $31 <= 00003784
@000037a4: $31 <= 000037a8
@000037c4: $31 <= 000037c8
@000037b4: $31 <= 000037b8
@000037d0: $31 <= 000037d4
@000037e0: $31 <= 000037e4
@000037e8: $31 <= 000037ec
@000037fc: $31 <= 00003800
@00003804: $31 <= 00003808
@00003814: $31 <= 00003818
@00003828: $31 <= 0000382c
@00003850: $31 <= 00003854
@00003840: $31 <= 00003844
@00003830: $31 <= 00003834
@0000385c: $31 <= 00003860
@00003874: $31 <= 00003878
@0000386c: $31 <= 00003870
@00003888: $31 <= 0000388c
@00003898: $31 <= 0000389c
@00003890: $31 <= 00003894
@000038a8: $31 <= 000038ac
@000038bc: $31 <= 000038c0
@000038e4: $31 <= 000038e8
@000038dc: $31 <= 000038e0
@000038cc: $31 <= 000038d0
@000038f0: $31 <= 000038f4
@00003918: $31 <= 0000391c
@00003910: $31 <= 00003914
@000038f8: $31 <= 000038fc
@00003924: $31 <= 00003928
@00003934: $31 <= 00003938
@00003944: $31 <= 00003948
@0000393c: $31 <= 00003940
@00003958: $31 <= 0000395c
@00003970: $31 <= 00003974
@00003978: $31 <= 0000397c
@00003984: $31 <= 00003988
@0000399c: $31 <= 000039a0
@00003994: $31 <= 00003998
@000039b0: $31 <= 000039b4
@000039b8: $31 <= 000039bc
@000039d8: $31 <= 000039dc
@000039c0: $31 <= 000039c4
@000039e4: $31 <= 000039e8
@00003a04: $31 <= 00003a08
@000039ec: $31 <= 000039f0
@000039fc: $31 <= 00003a00
@00003a18: $31 <= 00003a1c
@00003a30: $31 <= 00003a34
@00003a20: $31 <= 00003a24
@00003a44: $31 <= 00003a48
@00003a4c: $31 <= 00003a50
@00003a54: $31 <= 00003a58
ISim P.20131013 (signature 0x7708f090)
----------------------------------------------------------------------
INFO:Security:51 - The XILINXD_LICENSE_FILE environment variable is not set.
INFO:Security:53 - The LM_LICENSE_FILE environment variable is not set.
INFO:Security:68a - user is 27628, on host NAONAOLIU.
WARNING:Security:43 - No license file was found in the standard Xilinx license directory.
WARNING:Security:44 - Since no license file was found,
       please run the Xilinx License Configuration Manager
       (xlcm or "Manage Xilinx Licenses")
       to assist in obtaining a license.
ERROR:Security:14 - No feature was available for 'ISIM'.

No such feature exists.
Feature:       ISIM
License path:  C:/.Xilinx;D:\14.7\ISE_DS\ISE\/data\*.lic;D:\14.7\ISE_DS\ISE\/coregen/core_licenses\Xilinx.lic;D:\14.7\ISE_DS\ISE\/coregen/core_licenses\XilinxFree.lic;D:\14.7\ISE_DS\EDK/data/core_licenses\Xilinx.lic;
FLEXnet Licensing error:-5,357
For further information, refer to the FLEXnet Licensing documentation,
available at "www.flexerasoftware.com".
----------------------------------------------------------------------
WARNING: A full ISim License cannot be checked out due to the issues listed above. Please use Xilinx License Configuration Manager to fix these issues in order to check out a full ISim license.
WARNING: ISim will run in Lite mode. Please refer to the ISim documentation for more information on the differences between the Lite and the Full version.
This is a Lite version of ISim.
# run 1000 ns
Simulator is doing circuit initialization process.
Finished circuit initialization process.
@00003000: $31 <= 00003004
@00003008: $31 <= 0000300c
@00003020: $31 <= 00003024
@0000302c: $31 <= 00003030
@00003034: $31 <= 00003038
@00003054: $31 <= 00003058
@00003044: $31 <= 00003048
@00003060: $31 <= 00003064
@00003080: $31 <= 00003084
@00003068: $31 <= 0000306c
@0000308c: $31 <= 00003090
@00003094: $31 <= 00003098
@000030b4: $31 <= 000030b8
@000030ac: $31 <= 000030b0
@000030c0: $31 <= 000030c4
@000030c8: $31 <= 000030cc
@000030d8: $31 <= 000030dc
@000030e8: $31 <= 000030ec
@000030f4: $31 <= 000030f8
@000030fc: $31 <= 00003100
@00003104: $31 <= 00003108
@00003120: $31 <= 00003124
@00003140: $31 <= 00003144
@00003130: $31 <= 00003134
@0000314c: $31 <= 00003150
@00003174: $31 <= 00003178
@0000315c: $31 <= 00003160
@00003164: $31 <= 00003168
@00003180: $31 <= 00003184
@000031a0: $31 <= 000031a4
@00003198: $31 <= 0000319c
@000031ac: $31 <= 000031b0
@000031cc: $31 <= 000031d0
@000031c4: $31 <= 000031c8
@000031b4: $31 <= 000031b8
@000031e0: $31 <= 000031e4
@00003200: $31 <= 00003204
@00003208: $31 <= 0000320c
@000031e8: $31 <= 000031ec
@00003214: $31 <= 00003218
@0000321c: $31 <= 00003220
@00003224: $31 <= 00003228
@00003240: $31 <= 00003244
@00003268: $31 <= 0000326c
@00003258: $31 <= 0000325c
@00003260: $31 <= 00003264
@00003274: $31 <= 00003278
@0000328c: $31 <= 00003290
@00003284: $31 <= 00003288
@000032a0: $31 <= 000032a4
@000032c0: $31 <= 000032c4
@000032b8: $31 <= 000032bc
@000032cc: $31 <= 000032d0
@000032d4: $31 <= 000032d8
@000032ec: $31 <= 000032f0
@000032f8: $31 <= 000032fc
@00003310: $31 <= 00003314
@00003318: $31 <= 0000331c
@00003320: $31 <= 00003324
@0000332c: $31 <= 00003330
@00003344: $31 <= 00003348
@0000334c: $31 <= 00003350
@00003354: $31 <= 00003358
@00003360: $31 <= 00003364
@00003378: $31 <= 0000337c
@00003368: $31 <= 0000336c
@0000338c: $31 <= 00003390
@0000339c: $31 <= 000033a0
@000033ac: $31 <= 000033b0
@000033b4: $31 <= 000033b8
@000033c0: $31 <= 000033c4
@000033e0: $31 <= 000033e4
@000033c8: $31 <= 000033cc
@000033ec: $31 <= 000033f0
@00003404: $31 <= 00003408
@0000340c: $31 <= 00003410
@00003418: $31 <= 0000341c
@00003430: $31 <= 00003434
@00003428: $31 <= 0000342c
@00003444: $31 <= 00003448
@0000344c: $31 <= 00003450
@0000346c: $31 <= 00003470
@0000345c: $31 <= 00003460
@00003478: $31 <= 0000347c
@00003498: $31 <= 0000349c
@00003488: $31 <= 0000348c
@000034a4: $31 <= 000034a8
@000034cc: $31 <= 000034d0
@000034bc: $31 <= 000034c0
@000034ac: $31 <= 000034b0
@000034d8: $31 <= 000034dc
@00003500: $31 <= 00003504
@000034e8: $31 <= 000034ec
@000034e0: $31 <= 000034e4
@0000350c: $31 <= 00003510
@0000351c: $31 <= 00003520
@00003524: $31 <= 00003528
@00003514: $31 <= 00003518
@00003540: $31 <= 00003544
@00003568: $31 <= 0000356c
@00003560: $31 <= 00003564
@00003550: $31 <= 00003554
@00003574: $31 <= 00003578
@00003584: $31 <= 00003588
@00003594: $31 <= 00003598
@0000359c: $31 <= 000035a0
@000035a8: $31 <= 000035ac
@000035b8: $31 <= 000035bc
@000035b0: $31 <= 000035b4
@000035d4: $31 <= 000035d8
@000035e4: $31 <= 000035e8
@000035dc: $31 <= 000035e0
@00003600: $31 <= 00003604
@00003628: $31 <= 0000362c
@00003618: $31 <= 0000361c
@00003610: $31 <= 00003614
@00003634: $31 <= 00003638
@0000364c: $31 <= 00003650
@00003644: $31 <= 00003648
@0000363c: $31 <= 00003640
@00003668: $31 <= 0000366c
@00003688: $31 <= 0000368c
@00003670: $31 <= 00003674
@00003694: $31 <= 00003698
@000036ac: $31 <= 000036b0
@000036a4: $31 <= 000036a8
@000036b4: $31 <= 000036b8
@000036c8: $31 <= 000036cc
@000036d0: $31 <= 000036d4
@000036d8: $31 <= 000036dc
@000036f4: $31 <= 000036f8
@00003714: $31 <= 00003718
@0000370c: $31 <= 00003710
@00003704: $31 <= 00003708
@00003728: $31 <= 0000372c
@00003750: $31 <= 00003754
@00003748: $31 <= 0000374c
@00003738: $31 <= 0000373c
@0000375c: $31 <= 00003760
@00003764: $31 <= 00003768
@00003774: $31 <= 00003778
@00003788: $31 <= 0000378c
@00003798: $31 <= 0000379c
@000037a8: $31 <= 000037ac
@00003790: $31 <= 00003794
@000037bc: $31 <= 000037c0
@000037cc: $31 <= 000037d0
@000037e4: $31 <= 000037e8
@000037c4: $31 <= 000037c8
@000037f0: $31 <= 000037f4
@00003818: $31 <= 0000381c
@00003800: $31 <= 00003804
@00003810: $31 <= 00003814
@00003824: $31 <= 00003828
@0000382c: $31 <= 00003830
@00003844: $31 <= 00003848
@00003850: $31 <= 00003854
@00003858: $31 <= 0000385c
@00003868: $31 <= 0000386c
@0000387c: $31 <= 00003880
@00003884: $31 <= 00003888
@0000389c: $31 <= 000038a0
@000038a8: $31 <= 000038ac
@000038b0: $31 <= 000038b4
@000038c0: $31 <= 000038c4
@000038c8: $31 <= 000038cc
@000038dc: $31 <= 000038e0
@000038e4: $31 <= 000038e8
@000038f4: $31 <= 000038f8
@00003908: $31 <= 0000390c
@00003910: $31 <= 00003914
@00003928: $31 <= 0000392c
@00003934: $31 <= 00003938
@0000393c: $31 <= 00003940
@0000395c: $31 <= 00003960
@00003944: $31 <= 00003948
@00003968: $31 <= 0000396c
@00003988: $31 <= 0000398c
@00003980: $31 <= 00003984
@00003994: $31 <= 00003998
@000039ac: $31 <= 000039b0
@000039bc: $31 <= 000039c0
@0000399c: $31 <= 000039a0
@000039c8: $31 <= 000039cc
@000039e8: $31 <= 000039ec
@000039d0: $31 <= 000039d4
@000039f4: $31 <= 000039f8
@000039fc: $31 <= 00003a00
@00003a04: $31 <= 00003a08
@00003a14: $31 <= 00003a18
@00003a28: $31 <= 00003a2c
@00003a40: $31 <= 00003a44
@00003a38: $31 <= 00003a3c
@00003a54: $31 <= 00003a58
@00003a64: $31 <= 00003a68
ISim P.20131013 (signature 0x7708f090)
----------------------------------------------------------------------
INFO:Security:51 - The XILINXD_LICENSE_FILE environment variable is not set.
INFO:Security:53 - The LM_LICENSE_FILE environment variable is not set.
INFO:Security:68a - user is 27628, on host NAONAOLIU.
WARNING:Security:43 - No license file was found in the standard Xilinx license directory.
WARNING:Security:44 - Since no license file was found,
       please run the Xilinx License Configuration Manager
       (xlcm or "Manage Xilinx Licenses")
       to assist in obtaining a license.
ERROR:Security:14 - No feature was available for 'ISIM'.

No such feature exists.
Feature:       ISIM
License path:  C:/.Xilinx;D:\14.7\ISE_DS\ISE\/data\*.lic;D:\14.7\ISE_DS\ISE\/coregen/core_licenses\Xilinx.lic;D:\14.7\ISE_DS\ISE\/coregen/core_licenses\XilinxFree.lic;D:\14.7\ISE_DS\EDK/data/core_licenses\Xilinx.lic;
FLEXnet Licensing error:-5,357
For further information, refer to the FLEXnet Licensing documentation,
available at "www.flexerasoftware.com".
----------------------------------------------------------------------
WARNING: A full ISim License cannot be checked out due to the issues listed above. Please use Xilinx License Configuration Manager to fix these issues in order to check out a full ISim license.
WARNING: ISim will run in Lite mode. Please refer to the ISim documentation for more information on the differences between the Lite and the Full version.
This is a Lite version of ISim.
# run 1000 ns
Simulator is doing circuit initialization process.
Finished circuit initialization process.
@00003000: $ 3 <= 00006b0c
@00003004: $18 <= 0000c23e
@0000300c: $21 <= 00001990
@00003010: $15 <= 80000000
@00003014: $15 <= 80000000
@00003018: $ 4 <= 80001990
@0000301c: $27 <= 00002fdf
@00003020: $28 <= 0000fb19
@00003028: $26 <= 00000000
@00003030: $ 6 <= 00002e05
@00003034: $27 <= 0000a5ca
@0000303c: $20 <= 00007ffd
@00003040: $ 8 <= 00007ffc
@00003044: $ 4 <= 0000fff9
@00003048: $24 <= 0000460b
@0000304c: $ 1 <= 0000f861
@00003054: $11 <= 7fff0000
@00003058: $11 <= 7ffffffd
@0000305c: $25 <= 7fff0000
@00003060: $25 <= 7ffffffe
@00003064: $29 <= ffffffff
@00003068: $16 <= 00007e6d
@0000306c: $26 <= 0000dfce
@00003074: $15 <= 00007ffc
@00003078: $14 <= 55470000
@0000307c: $14 <= 55476b78
@00003080: $ 4 <= 5547eb74
@00003084: $24 <= 00005fab
@00003088: $ 9 <= 00005fab
@00003098: $11 <= 00003984
@0000309c: $28 <= 0000f004
@000030a4: $ 6 <= 80000000
@000030a8: $ 6 <= 80000004
@000030ac: $ 8 <= 0000d4f4
@000030b0: $23 <= 8000d4f8
@000030b4: $19 <= 000029bf
@000030b8: $ 9 <= 0000d3d7
@000030c0: $23 <= 7fff0000
@000030c4: $23 <= 7ffffffc
@000030c8: $ 5 <= d56b0000
@000030cc: $ 5 <= d56b5e61
@000030d0: $ 4 <= aa94a19b
@000030d4: $22 <= 00004a02
@000030d8: $23 <= 0000c73d
@000030e0: $ 9 <= 018b0000
@000030e4: $ 9 <= 018beed6
@000030e8: $ 2 <= 000000da
@000030ec: $12 <= 018befb0
@000030f0: $26 <= 000065c2
@000030f4: $ 7 <= 0000dc4d
@000030fc: $26 <= 00004568
@00003100: $17 <= ffff0000
@00003104: $17 <= ffffffff
@00003108: $23 <= 00004569
@0000310c: $16 <= 0000a9a3
@00003110: $18 <= 0000a9a3
@00003120: $ 9 <= 000052d4
@00003124: $ 7 <= 0000da39
@0000312c: $ 1 <= 7fff0000
@00003130: $ 1 <= 7ffffffc
@00003134: $ 2 <= 00000000
@00003138: $23 <= 7ffffffc
@0000313c: $10 <= 00000ba9
@00003140: $ 3 <= 0000fa05
@00003148: $10 <= 80000000
@0000314c: $10 <= 80000004
@00003150: $ 6 <= 80000000
@00003154: $ 6 <= 80000002
@00003158: $ 8 <= 00000006
@0000315c: $26 <= 00002883
@00003160: $13 <= 00002883
@00003170: $19 <= 00001904
@00003174: $22 <= 0000d00d
@0000317c: $24 <= 80000000
@00003180: $24 <= 80000004
@00003184: $18 <= 0000a286
@00003188: $29 <= 7fff5d7e
@0000318c: $28 <= 00006b78
@00003190: $ 4 <= 0000c421
@00003198: $29 <= 80000000
@0000319c: $29 <= 80000003
@000031a0: $27 <= 00007ffa
@000031a4: $27 <= 80007ffd
@000031a8: $24 <= 0000e872
@000031ac: $18 <= 0000e872
@000031bc: $26 <= 000049ec
@000031c0: $25 <= 0000af00
@000031c8: $ 2 <= 80000000
@000031cc: $ 2 <= 80000000
@000031d0: $24 <= 00007ffa
@000031d4: $31 <= 80007ffa
@000031d8: $13 <= 000061f6
@000031dc: $30 <= 0000d300
@000031e4: $16 <= 00000000
@000031e8: $13 <= c8260000
@000031ec: $13 <= c826eee3
@000031f0: $23 <= c826eee3
@000031f4: $28 <= 00003cbc
@000031f8: $14 <= 000085ae
@00003200: $20 <= 7fff0000
@00003204: $20 <= 7ffffffb
@00003208: $ 9 <= af840000
@0000320c: $ 9 <= af84d259
@00003214: $ 6 <= 0000c34e
@00003224: $ 6 <= 00006fd2
@00003228: $18 <= 0000606a
@0000322c: $29 <= 0000eed0
@00003234: $31 <= 00005726
@00003238: $ 4 <= 80000000
@0000323c: $ 4 <= 80000000
@00003240: $ 7 <= 80005726
@00003244: $ 4 <= 00007c84
@00003248: $27 <= 00008eec
@00003250: $16 <= 41440000
@00003254: $16 <= 414476c0
@00003258: $13 <= 7fff0000
@0000325c: $13 <= 7ffffffe
@00003260: $28 <= c14476be
@00003264: $10 <= 00007c84
@00003268: $10 <= 00008eec
@00003278: $ 5 <= 00000951
@0000327c: $ 9 <= 0000cfeb
@00003284: $15 <= ffff0000
@00003288: $15 <= ffff8000
@0000328c: $21 <= 80000000
@00003290: $21 <= 80000002
@00003294: $19 <= 7fff7ffe
@00003298: $29 <= 000040c7
@0000329c: $ 6 <= 000083bf
@000032a4: $26 <= 00000003
@000032a8: $28 <= b1bd0000
@000032ac: $28 <= b1bdeb83
@000032b0: $10 <= 4e421480
@000032b4: $24 <= 00000bb7
@000032b8: $ 1 <= 0000f663
@000032c0: $ 4 <= 00000001
@000032c4: $ 2 <= 00005127
@000032c8: $ 7 <= 00005128
@000032cc: $31 <= 00006beb
@000032d0: $19 <= 00008a37
@000032d8: $22 <= 80000000
@000032dc: $22 <= 80000000
@000032e0: $21 <= 00000000
@000032e4: $31 <= 80000000
@000032ec: $27 <= 00008c1c
@000032fc: $19 <= 00007b15
@0000330c: $19 <= 0000ce52
@00003310: $15 <= 00001d6e
@00003314: $ 7 <= 0000de48
@0000331c: $ 9 <= d8550000
@00003320: $ 9 <= d8552a49
@00003324: $ 3 <= f3190000
@00003328: $ 3 <= f3196761
@0000332c: $21 <= e53bc2e8
@00003330: $26 <= 0000484f
@00003334: $ 4 <= 0000a9e5
@0000333c: $21 <= ffff0000
@00003340: $21 <= ffff8001
@00003344: $ 3 <= 80000000
@00003348: $ 3 <= 80000004
@0000334c: $ 9 <= 7fff7ffd
@00003350: $16 <= 0000176e
@00003354: $29 <= 00008f74
@0000335c: $13 <= 80000000
@00003360: $13 <= 80000003
@00003364: $23 <= 0000319a
@00003368: $10 <= 8000319d
@0000336c: $ 6 <= 00007139
@00003370: $25 <= 00007139
@00003380: $19 <= 00003794
@00003384: $10 <= 0000c024
@0000338c: $10 <= 0b090000
@00003390: $10 <= 0b095ea7
@00003394: $ 6 <= 00007ffa
@00003398: $25 <= 0b09dea1
@0000339c: $17 <= 00008aff
@000033a0: $ 8 <= 00008aff
@000033b0: $14 <= 00002210
@000033b4: $29 <= 00009017
@000033bc: $23 <= 0000bb70
@000033c0: $17 <= 80000000
@000033c4: $17 <= 80000004
@000033c8: $30 <= 8000bb74
@000033cc: $19 <= 00001f9c
@000033d0: $ 9 <= 00001f9c
@000033e0: $26 <= 00003227
@000033e4: $15 <= 0000f253
@000033ec: $26 <= 00000001
@000033f0: $24 <= 0000296c
@000033f4: $25 <= ffffd695
@000033f8: $ 8 <= 000063b2
@000033fc: $22 <= 0000d47d
@00003404: $15 <= 80000000
@00003408: $15 <= 80000000
@0000340c: $13 <= 00007ffc
@00003410: $ 1 <= 7fff8004
@00003414: $15 <= 00005ab7
@00003418: $ 4 <= 0000cf89
@00003420: $13 <= 06720000
@00003424: $13 <= 0672609c
ISim P.20131013 (signature 0x7708f090)
----------------------------------------------------------------------
INFO:Security:51 - The XILINXD_LICENSE_FILE environment variable is not set.
INFO:Security:53 - The LM_LICENSE_FILE environment variable is not set.
INFO:Security:68a - user is 27628, on host NAONAOLIU.
WARNING:Security:43 - No license file was found in the standard Xilinx license directory.
WARNING:Security:44 - Since no license file was found,
       please run the Xilinx License Configuration Manager
       (xlcm or "Manage Xilinx Licenses")
       to assist in obtaining a license.
ERROR:Security:14 - No feature was available for 'ISIM'.

No such feature exists.
Feature:       ISIM
License path:  C:/.Xilinx;D:\14.7\ISE_DS\ISE\/data\*.lic;D:\14.7\ISE_DS\ISE\/coregen/core_licenses\Xilinx.lic;D:\14.7\ISE_DS\ISE\/coregen/core_licenses\XilinxFree.lic;D:\14.7\ISE_DS\EDK/data/core_licenses\Xilinx.lic;
FLEXnet Licensing error:-5,357
For further information, refer to the FLEXnet Licensing documentation,
available at "www.flexerasoftware.com".
----------------------------------------------------------------------
WARNING: A full ISim License cannot be checked out due to the issues listed above. Please use Xilinx License Configuration Manager to fix these issues in order to check out a full ISim license.
WARNING: ISim will run in Lite mode. Please refer to the ISim documentation for more information on the differences between the Lite and the Full version.
This is a Lite version of ISim.
# run 1000 ns
Simulator is doing circuit initialization process.
Finished circuit initialization process.
@00003000: $31 <= 00003170
@00003004: $11 <= 000005ad
@00003008: $ 3 <= 0000a878
@0000300c: $28 <= 0000a705
@00003010: $26 <= 0000e9a5
@00003014: $24 <= 000091dd
@00003018: $25 <= 0000b939
@0000301c: $15 <= 0000d835
@00003020: $24 <= 00001668
@00003024: $26 <= 00002f75
@00003028: $24 <= 0000944f
@0000302c: $18 <= 00000465
@00003030: $11 <= 00008fa1
@00003034: $18 <= 00008611
@00003038: $10 <= 000075a6
@0000303c: $27 <= 00009c6e
@000030ec: $18 <= 00000009
@000030f0: $ 7 <= 00000028
@000030f4: $10 <= 0000001b
@000030f8: $ 1 <= 00000026
@000030fc: $26 <= 0000000e
@00003100: $23 <= 00000001
@00003104: $13 <= 00000003
@00003108: $12 <= 00000006
@0000310c: $21 <= 0000000a
@00003110: $15 <= 0000000a
@00003114: $24 <= 00000007
@00003118: $ 4 <= 00000002
@0000311c: $25 <= 0000000e
@00003120: $27 <= 00000021
@00003124: $31 <= 0000000d
@00003128: $17 <= 000030e4
@0000312c: $30 <= 000030e4
@00003130: $28 <= 000030e4
@00003134: $ 9 <= 0000308c
@00003138: $11 <= 000030a0
@0000313c: $ 8 <= 000030e4
@00003140: $19 <= 000030e4
@00003144: $ 3 <= 000030dc
@00003148: *00000008 <= 00000003
@0000314c: *0000000c <= 0000000e
@00003150: *00000014 <= 00000003
@00003154: *00000010 <= 00000007
@00003158: *00000024 <= 00000002
@0000315c: *00000014 <= 000030a0
@00003160: *00000024 <= 000030a0
@00003164: *00000018 <= 000030e4
@00003168: *00000000 <= 000030dc
@0000316c: *00000024 <= 0000000a
@00003170: *00000020 <= 00000009
@00003174: *00000030 <= 00000009
@00003178: *0000000c <= 00000001
@0000317c: *00000024 <= 0000000e
@00003180: *00000010 <= 000030e4
@00003184: *00000004 <= 000030e4
@00003188: *00000028 <= 0000000e
@0000318c: *00000000 <= 0000000e
@00003190: *00000014 <= 000030e4
@00003194: *00000014 <= 0000001b
@0000319c: $31 <= 000031a0
@000031a4: $31 <= 000031a8
@000031a8: $13 <= 00000000
@000031ac: $18 <= 0000007f
@000031b0: $31 <= 000031b0
@000031b4: $18 <= 00000007
@000031b8: $31 <= 00000011
@000031bc: $24 <= 00000056
@000031c0: $21 <= 00000056
@000031e0: $31 <= 0000002a
@000031e4: $27 <= 00000079
@000031f0: $12 <= 00000018
@000031f8: $31 <= 000031fc
@000031fc: $23 <= 00000000
@00003200: $13 <= 00000056
@00003208: $31 <= 0000320c
@0000320c: $31 <= 0000320c
@00003210: $27 <= 00000027
@00003214: $31 <= 00000031
@00003218: $31 <= 00000024
@0000321c: $26 <= 00000024
@00003220: $31 <= 00003224
@00003228: $13 <= 00000000
@00003234: $31 <= 00003238
@00003238: $31 <= 00003238
@0000323c: $31 <= 00000021
@00003240: $26 <= 00000078
@00003244: $31 <= 00000078
@00003248: *000000bc <= 0000000a
@0000324c: *000000b8 <= 00000002
@00003260: $26 <= 0000002e
@00003264: $31 <= 00000026
@00003268: $31 <= 00000046
@0000326c: $ 7 <= 00000046
@00003270: $31 <= 00003274
@00003080: $ 9 <= 00003274
@00003274: $31 <= 00003278
@0000327c: $31 <= 00003280
@00003280: *00000094 <= 00000007
@00003284: *00000000 <= 0000000a
@00003288: $31 <= 00003288
@0000328c: $ 9 <= 0000308c
@00003290: $31 <= 00000017
@00003294: $31 <= 00000000
@00003298: $31 <= 0000329c
@00003058: $30 <= 0000329c
@0000329c: $31 <= 000032a0
@000032a0: *00000094 <= 0000000e
@000032a4: $27 <= 00000000
@000032a8: $31 <= 000032a8
@000032ac: $30 <= 000030e4
@000032b0: $31 <= 00000028
@000032b4: $ 4 <= 0000008c
@000032b8: $15 <= 0000008c
@000032bc: $24 <= 00000002
@000032c0: $21 <= 0000003f
@000032d8: $15 <= 00000021
@000032dc: $ 4 <= 00000027
@000032e0: $31 <= 0000001e
@000032e4: $21 <= 00000043
@000032e8: $15 <= 00000043
@000032ec: $26 <= 000000a9
@000032f0: $12 <= 000000a9
@000032f4: $25 <= 00000000
@00003310: $26 <= 00000003
@00003314: $12 <= 00000017
@00003318: $31 <= 00000010
@0000331c: $12 <= 00000000
@00003320: $21 <= 00000000
@00003328: $31 <= 0000332c
@0000332c: $31 <= 00003330
@000030bc: $19 <= 00003330
@00003330: $31 <= 00003334
@00003334: $31 <= 00003334
@00003338: $19 <= 000030c8
@0000333c: $31 <= 00000027
@00003340: $15 <= 000000a7
@00003344: $27 <= 000000a7
@0000334c: $31 <= 00003350
@00003354: $31 <= 00003358
@00003368: $15 <= 00000027
@0000336c: $27 <= 0000002f
@00003370: $31 <= 0000001e
@00003378: $31 <= 0000337c
@00003380: $23 <= 00000022
@00003384: *000000bc <= 00000000
@00003388: $31 <= 00003388
@0000338c: $31 <= 00000023
@00003390: $23 <= 0000002f
@00003398: $ 1 <= 00000075
@0000339c: $ 4 <= 00000000
@000033a0: $31 <= 000033a0
@000033a4: $ 1 <= 00000000
@000033a8: $31 <= 00000023
@000033b0: $ 7 <= 000000a7
@000033b8: $ 1 <= 00000033
@000033bc: $31 <= 000033bc
@000033c0: $ 7 <= 0000001a
@000033c4: $31 <= 00000023
@000033c8: $24 <= 00000000
@000033cc: $26 <= 00000000
@000033d0: $21 <= 00000000
@000033d8: $31 <= 000033d8
@000033dc: $31 <= 00000012
@000033e0: $18 <= 00000000
@000033e4: $31 <= 000033e8
@000030bc: $19 <= 000033e8
@000033e8: $31 <= 000033ec
@000033ec: *00000078 <= 00000000
@000033f0: $26 <= 00000000
@000033f4: $31 <= 000033f4
@000033f8: $19 <= 000030c8
@000033fc: $31 <= 00000006
@00003404: *00000034 <= 00000027
@00003408: $31 <= 0000340c
@00003044: $17 <= 0000340c
@0000340c: $31 <= 00003410
@00003410: *000000a4 <= 00000000
@00003414: $31 <= 00003414
@00003418: $17 <= 000030e4
@0000341c: $31 <= 00000014
@00003420: $18 <= 000000c3
@00003424: $13 <= 000000c3
@00003440: $18 <= 00000017
@00003444: $13 <= 00000019
@00003448: $31 <= 00000013
@0000344c: $23 <= 0000003b
@00003450: $ 1 <= 0000003b
@00003458: $31 <= 0000345c
@0000345c: $21 <= 00000033
@00003460: $ 7 <= 00000000
@00003470: $31 <= 00000031
@00003474: $24 <= 00000000
@00003478: $ 4 <= 00000000
@0000347c: *00000088 <= 00000017
@00003484: $31 <= 00003488
@00003488: $31 <= 00003488
@0000348c: $31 <= 00000005
@00003490: $31 <= 00003494
@00003058: $30 <= 00003494
@00003494: $31 <= 00003498
@00003498: $31 <= 0000349c
@000030a8: $ 8 <= 0000349c
@0000349c: $31 <= 000034a0
@000034a0: $ 7 <= 0000006f
@000034a4: *0000002c <= 00000000
@000034a8: $31 <= 000034a8
@000034ac: $30 <= 000030e4
@000034b0: $ 8 <= 000030e4
@000034b4: $ 7 <= 0000001d
@000034b8: $31 <= 0000001c
ISim P.20131013 (signature 0x7708f090)
----------------------------------------------------------------------
INFO:Security:51 - The XILINXD_LICENSE_FILE environment variable is not set.
INFO:Security:53 - The LM_LICENSE_FILE environment variable is not set.
INFO:Security:68a - user is 27628, on host NAONAOLIU.
WARNING:Security:43 - No license file was found in the standard Xilinx license directory.
WARNING:Security:44 - Since no license file was found,
       please run the Xilinx License Configuration Manager
       (xlcm or "Manage Xilinx Licenses")
       to assist in obtaining a license.
ERROR:Security:14 - No feature was available for 'ISIM'.

No such feature exists.
Feature:       ISIM
License path:  C:/.Xilinx;D:\14.7\ISE_DS\ISE\/data\*.lic;D:\14.7\ISE_DS\ISE\/coregen/core_licenses\Xilinx.lic;D:\14.7\ISE_DS\ISE\/coregen/core_licenses\XilinxFree.lic;D:\14.7\ISE_DS\EDK/data/core_licenses\Xilinx.lic;
FLEXnet Licensing error:-5,357
For further information, refer to the FLEXnet Licensing documentation,
available at "www.flexerasoftware.com".
----------------------------------------------------------------------
WARNING: A full ISim License cannot be checked out due to the issues listed above. Please use Xilinx License Configuration Manager to fix these issues in order to check out a full ISim license.
WARNING: ISim will run in Lite mode. Please refer to the ISim documentation for more information on the differences between the Lite and the Full version.
This is a Lite version of ISim.
# run 1000 ns
Simulator is doing circuit initialization process.
Finished circuit initialization process.
@00003000: $23 <= 00000656
@00003004: $ 8 <= 0000fa4b
@00003008: $28 <= 000005f0
@0000300c: $19 <= 0000e0b7
@00003010: $10 <= 00004b05
@00003014: $21 <= 0000e28e
@00003018: $17 <= 00007705
@0000301c: $15 <= 0000ca6e
@00003020: $23 <= 0000c0cc
@00003024: $ 4 <= 000083ba
@00003028: $23 <= 000087fc
@0000302c: $30 <= 0000572a
@00003030: $27 <= 0000661a
@00003034: $25 <= 00006204
@00003038: $19 <= 0000c1fc
@0000303c: $27 <= 0000d0b2
@000030ec: $18 <= 0000000a
@000030f0: $ 7 <= 0000001f
@000030f4: $10 <= 00000021
@000030f8: $ 1 <= 0000001f
@000030fc: $26 <= 00000026
@00003100: $23 <= 0000002f
@00003104: $13 <= 00000013
@00003108: $12 <= 0000000c
@0000310c: $21 <= 00000000
@00003110: $15 <= 0000000f
@00003114: $24 <= 00000011
@00003118: $ 4 <= 0000002e
@0000311c: $25 <= 00000009
@00003120: $27 <= 00000017
@00003124: $31 <= 0000001d
@00003128: $17 <= 000030e4
@0000312c: $30 <= 00003064
@00003130: $28 <= 00003078
@00003134: $ 9 <= 0000308c
@00003138: $11 <= 000030e4
@0000313c: $ 8 <= 000030b4
@00003140: $19 <= 000030e4
@00003144: $ 3 <= 000030e4
@00003148: *00000008 <= 0000001f
@0000314c: *00000030 <= 000030e4
@00003150: *00000008 <= 00000026
@00003154: *00000000 <= 0000002e
@00003158: *00000010 <= 0000308c
@0000315c: *00000024 <= 0000000a
@00003160: *00000014 <= 00003078
@00003164: *0000002c <= 0000001f
@00003168: *00000014 <= 00000021
@0000316c: *00000020 <= 0000000a
@00003170: *00000018 <= 0000001d
@00003174: *00000030 <= 0000000f
@00003178: *00000008 <= 0000001f
@0000317c: *0000002c <= 0000000a
@00003180: *00000004 <= 00000026
@00003184: *00000008 <= 00000000
@00003188: *00000008 <= 00000011
@0000318c: *0000002c <= 0000308c
@00003190: *00000024 <= 0000001f
@00003194: *00000028 <= 0000000a
@00003198: $26 <= 00000080
@0000319c: $31 <= 00000080
@000031a0: *000000bc <= 0000000c
@000031a4: $ 1 <= 00000000
@000031a8: $31 <= 000031ac
@000031b4: $31 <= 000031b8
@000031b8: $31 <= 000031b8
@000031bc: $26 <= 00000000
@000031c0: $31 <= 0000002f
@000031c8: *00000038 <= 0000001f
@000031d0: $31 <= 000031d4
@000031d4: $31 <= 000031d8
@00003058: $30 <= 000031d8
@000031d8: $31 <= 000031dc
@000031dc: $31 <= 000031dc
@000031e0: $30 <= 00003064
@000031e4: $31 <= 00000028
@000031e8: $ 1 <= 0000004f
@000031ec: $10 <= 0000004f
@000031f0: $13 <= 00000025
@000031f4: $18 <= 00000025
@000031f8: *0000000c <= 00000011
@000031fc: $27 <= 0000006f
@00003214: $27 <= 00000004
@00003218: $31 <= 0000002e
@0000321c: $ 7 <= 0000001b
@00003220: $25 <= 0000001b
@00003240: $31 <= 00000006
@00003244: *00000034 <= 0000001b
@0000324c: $21 <= 00000000
@00003250: $ 4 <= 0000003e
@00003254: $31 <= 00003254
@00003258: $31 <= 00000005
@0000325c: $31 <= 000000a6
@00003260: $23 <= 000000a6
@00003264: $15 <= 00000000
@0000327c: $23 <= 0000001d
@00003280: $31 <= 00000007
@00003288: $31 <= 0000328c
@0000328c: $31 <= 00003290
@00003294: $26 <= 00000000
@00003298: $12 <= 00000026
@0000329c: $31 <= 0000329c
@000032a0: $31 <= 00000009
@000032a4: $10 <= 0000009d
@000032a8: $13 <= 0000009d
@000032ac: $31 <= 00000011
@000032c8: $10 <= 00000022
@000032cc: $13 <= 00000006
@000032d0: $31 <= 00000004
@000032d8: $31 <= 000032dc
@000032e0: $31 <= 000032e4
@000032e4: $26 <= 0000003f
@000032e8: $13 <= 0000002e
@000032ec: $31 <= 000032ec
@000032f0: $31 <= 00000029
@000032f4: $25 <= 000000c1
@000032f8: $13 <= 000000c1
@00003300: $31 <= 00003304
@00003304: *00000010 <= 00000026
@00003318: $13 <= 0000000f
@0000331c: $25 <= 00000025
@00003320: $31 <= 00000003
@00003324: *0000000c <= 0000001d
@00003328: *0000008c <= 0000001d
@0000332c: *00000008 <= 0000001d
@00003330: $ 4 <= 000000be
@00003334: $31 <= 00003334
@00003338: $ 4 <= 00000026
@0000333c: $31 <= 0000000a
@00003340: $26 <= 00000000
@00003344: $ 4 <= 00000000
@00003348: $ 4 <= ffffffe3
@0000334c: *000000c4 <= 0000000a
@00003350: $31 <= 00003350
@00003354: $31 <= 0000002f
@00003358: $ 7 <= 000000b4
@0000335c: $18 <= 000000b4
@00003360: $13 <= 0000005a
@00003364: $ 1 <= 0000005a
@00003368: $10 <= 000000fd
@0000336c: $25 <= 000000fd
@00003384: $18 <= 00000000
@00003388: $ 7 <= 0000002d
@0000338c: $10 <= 00000030
@00003390: $25 <= 00000021
@00003394: $31 <= 00000018
@00003398: $13 <= 0000001d
@0000339c: $21 <= 00000000
@000033a4: $31 <= 000033a8
@000030bc: $19 <= 000033a8
@000033a8: $31 <= 000033ac
@000033ac: $31 <= 000033ac
@000033b0: $19 <= 000030c8
@000033b4: $31 <= 00000020
@000033b8: $ 7 <= 00000015
@000033bc: $21 <= 00000015
@000033d8: $31 <= 0000000b
@000033dc: $ 4 <= 00000011
@000033e4: $27 <= 00000000
@000033e8: *00000010 <= 00000011
@000033ec: $31 <= 000033ec
@000033f0: $31 <= 00000008
@000033f4: $12 <= 00000047
@000033f8: $13 <= 00000047
@000033fc: $31 <= 00000011
@0000341c: $31 <= 0000000f
@00003420: $24 <= 00000076
@00003424: $10 <= 00000076
@00003428: $15 <= 00000000
@0000342c: $10 <= 00000000
@00003434: $31 <= 00003438
@00003438: $18 <= 00000090
@0000343c: $31 <= 0000343c
@00003440: $18 <= 00000008
@00003444: $24 <= 00000021
@00003448: $31 <= 00000023
@0000344c: $25 <= 00000000
@00003450: *000000a0 <= 00000000
@00003454: $24 <= 00000077
@00003458: *0000005c <= 00000000
@0000345c: $31 <= 0000345c
@00003460: $24 <= 00000029
@00003464: $31 <= 0000001c
@00003470: *0000003c <= 00000047
@00003474: *00000010 <= 00000047
@00003478: $31 <= 00003478
@0000347c: $31 <= 00000022
@00003480: $31 <= 0000005d
@00003484: $15 <= 0000005d
@0000348c: $31 <= 00003490
@00003490: $26 <= 00000000
@00003498: $31 <= 0000349c
@000034a0: $31 <= 000034a4
@000034a4: $31 <= 000034a4
@000034a8: $31 <= 0000001d
@000034b0: $31 <= 000034b4
@000034bc: $31 <= 000034c0
@000034c4: $31 <= 000034c4
@000034c8: $31 <= 0000002d
@000034cc: $ 7 <= 0000008a
@000034d0: $23 <= 0000008a
@000034f4: $ 7 <= 00000002
@000034f8: $23 <= 00000024
@000034fc: $31 <= 00000012
@00003500: $ 7 <= 00000082
@00003504: $ 4 <= 00000082
@00003520: $ 7 <= 00000017
@00003524: $ 4 <= 00000021
@00003528: $31 <= 00000007
