ISim log file
Running: C:\Users\27628\Desktop\CO-2025\P6\Pipeline_cpuP6\mips_txt_isim_beh.exe -intstyle ise -gui -tclbatch isim.cmd -wdb C:/Users/27628/Desktop/CO-2025/P6/Pipeline_cpuP6/mips_txt_isim_beh.wdb 
ISim P.20131013 (signature 0x7708f090)
----------------------------------------------------------------------
INFO:Security:51 - The XILINXD_LICENSE_FILE environment variable is not set.
INFO:Security:53 - The LM_LICENSE_FILE environment variable is not set.
INFO:Security:68a - user is 27628, on host XIAONAOLIU.
WARNING:Security:43 - No license file was found in the standard Xilinx license directory.
WARNING:Security:44 - Since no license file was found,
       please run the Xilinx License Configuration Manager
       (xlcm or "Manage Xilinx Licenses")
       to assist in obtaining a license.
ERROR:Security:14 - No feature was available for 'ISIM'.

No such feature exists.
Feature:       ISIM
License path:  C:/.Xilinx;C:\Xilinx\14.7\ISE_DS\ISE\/data\*.lic;C:\Xilinx\14.7\ISE_DS\ISE\/coregen/core_licenses\Xilinx.lic;C:\Xilinx\14.7\ISE_DS\ISE\/coregen/core_licenses\XilinxFree.lic;C:\Xilinx\14.7\ISE_DS\EDK/data/core_licenses\Xilinx.lic;
FLEXnet Licensing error:-5,357
For further information, refer to the FLEXnet Licensing documentation,
available at "www.flexerasoftware.com".
----------------------------------------------------------------------
WARNING: A full ISim License cannot be checked out due to the issues listed above. Please use Xilinx License Configuration Manager to fix these issues in order to check out a full ISim license.
WARNING: ISim will run in Lite mode. Please refer to the ISim documentation for more information on the differences between the Lite and the Full version.
This is a Lite version of ISim.
Time resolution is 1 ps
# onerror resume
# wave add /
# run 1000 ns
Simulator is doing circuit initialization process.
Finished circuit initialization process.
                  38@00003000: $24 <= 3cf60000
                  46@00003004: $24 <= 3cf64d10
                  50@00003008: $20 <= dbb00000
                  58@0000300c: $20 <= dbb0fb85
                  62@00003010: $11 <= ef5e0000
                  70@00003014: $11 <= ef5ea2c2
                  74@00003018: $ 2 <= 16e40000
                  82@0000301c: $ 2 <= 16e48887
                  86@00003020: $ 9 <= fff30000
                  94@00003024: $ 9 <= fff33ae6
                  98@00003028: $26 <= f8f70000
                 106@0000302c: $26 <= f8f7fbde
                 110@00003030: $31 <= c3e80000
                 118@00003034: $31 <= c3e85e39
                 122@00003038: $21 <= 446e0000
                 130@0000303c: $21 <= 446ee52d
                 134@00003040: $27 <= 89090000
                 142@00003044: $27 <= 89092e50
                 146@00003048: $28 <= ffdf0000
                 154@0000304c: $28 <= ffdf25e3
                 158@00003050: $15 <= d0190000
                 166@00003054: $15 <= d0195b2e
                 170@00003058: $13 <= ec080000
                 178@0000305c: $13 <= ec083c53
                 182@00003060: $12 <= 03fb0000
                 190@00003064: $12 <= 03fb60ca
                 194@00003068: $20 <= af580000
                 202@0000306c: $20 <= af585508
                 206@00003070: $ 1 <= b6e60000
                 214@00003074: $ 1 <= b6e6e26a
                 218@00003078: $ 1 <= de330000
                 226@0000307c: $ 1 <= de3394e8
                 230@00003080: $ 4 <= 69170000
                 238@00003084: $ 4 <= 6917bb1d
                 242@00003088: $29 <= b47c0000
                 250@0000308c: $29 <= b47c9cf2
                 254@00003090: $ 8 <= 69f40000
                 262@00003094: $ 8 <= 69f47cfd
                 266@00003098: $21 <= 48080000
                 274@0000309c: $21 <= 4808f5cc
                 278@000030a0: $15 <= 37160000
                 286@000030a4: $15 <= 3716be87
                 290@000030a8: $15 <= f6370000
                 298@000030ac: $15 <= f6376a5b
                 310@000030b8: $10 <= c9a50000
                 318@000030bc: $10 <= c9a5d694
                 322@000030c0: $11 <= 51a30000
                 330@000030c4: $11 <= 51a37f99
                 334@000030c8: $ 4 <= 18200000
                 342@000030cc: $ 4 <= 18208863
                 346@000030d0: $ 9 <= c2590000
                 354@000030d4: $ 9 <= c259a3f8
                 358@000030d8: $17 <= 44340000
                 366@000030dc: $17 <= 4434387a
                 370@000030e0: $14 <= 3e5a0000
                 378@000030e4: $14 <= 3e5a5848
                 382@000030e8: $14 <= 5fb10000
                 390@000030ec: $14 <= 5fb15e79
                 394@000030f0: $ 2 <= 5fe00000
                 402@000030f4: $ 2 <= 5fe05bc5
                 406@000030f8: $ 3 <= 76220000
                 414@000030fc: $ 3 <= 7622c21b
                 418@00003100: $18 <= 06b10000
                 426@00003104: $18 <= 06b17e4d
                 438@00003110: $ 5 <= 15330000
                 446@00003114: $ 5 <= 1533ccb1
                 450@00003118: $ 7 <= 1fac0000
                 458@0000311c: $ 7 <= 1fac7861
                 462@00003120: $10 <= c8210000
                 470@00003124: $10 <= c8219474
                 474@00003128: $24 <= 98d10000
                 482@0000312c: $24 <= 98d14444
                 486@00003130: $ 9 <= afb60000
                 494@00003134: $ 9 <= afb64b0a
                 498@00003138: $ 7 <= 000b0000
                 506@0000313c: $ 7 <= 000b2845
                 510@00003140: $26 <= 2c0e0000
                 518@00003144: $26 <= 2c0ed481
                 522@00003148: $27 <= 3b870000
                 530@0000314c: $27 <= 3b876c1b
                 534@00003150: $12 <= 21130000
                 542@00003154: $12 <= 2113ff00
                 546@00003158: $16 <= 3a6e0000
                 554@0000315c: $16 <= 3a6e4ae8
                 558@00003160: $13 <= 37d40000
                 566@00003164: $13 <= 37d4ae13
                 570@00003168: $ 3 <= 77e10000
                 578@0000316c: $ 3 <= 77e1f9d6
                 582@00003170: $29 <= 1fa80000
                 590@00003174: $29 <= 1fa84b5a
                 594@00003178: $15 <= f1b40000
                 602@0000317c: $15 <= f1b4263c
                 606@00003180: $ 9 <= ff850000
                 614@00003184: $ 9 <= ff85148b
                 618@00003188: $ 9 <= 390f0000
                 626@0000318c: $ 9 <= 390f387a
                 630@00003190: $13 <= d4d40000
                 638@00003194: $13 <= d4d478b6
                 642@00003198: $ 1 <= f46f0000
                 650@0000319c: $ 1 <= f46faee3
                 654@000031a0: $ 1 <= d5fd0000
                 662@000031a4: $ 1 <= d5fdc3eb
                 666@000031a8: $ 4 <= 53fc0000
                 674@000031ac: $ 4 <= 53fc04cb
                 678@000031b0: $24 <= f6e40000
                 686@000031b4: $24 <= f6e44be7
                 690@000031b8: $ 5 <= d3a20000
                 698@000031bc: $ 5 <= d3a2494c
                 702@000031c0: $ 7 <= a48b0000
                 710@000031c4: $ 7 <= a48bdf33
                 714@000031c8: $ 6 <= f2430000
                 722@000031cc: $ 6 <= f243aedf
                 726@000031d0: $30 <= b9710000
                 734@000031d4: $30 <= b9712e78
                 738@000031d8: $18 <= d0b00000
                 746@000031dc: $18 <= d0b02392
                 750@000031e0: $18 <= 292d0000
                 758@000031e4: $18 <= 292dab12
                 762@000031e8: $23 <= 62940000
                 770@000031ec: $23 <= 6294f1ca
                 774@000031f0: $29 <= 52db0000
                 782@000031f4: $29 <= 52dbbbf3
                 786@000031f8: $ 9 <= 860b0000
                 794@000031fc: $ 9 <= 860b7699
                 798@00003200: $17 <= 23df0000
                 806@00003204: $17 <= 23df22b3
                 810@00003208: $15 <= e76b0000
                 818@0000320c: $15 <= e76bff24
                 822@00003210: $12 <= 8f110000
                 830@00003214: $12 <= 8f11c75a
                 834@00003218: $30 <= bf910000
                 842@0000321c: $30 <= bf910c7c
                 846@00003220: $ 2 <= 62110000
                 854@00003224: $ 2 <= 62119ea8
                 858@00003228: $21 <= 4c750000
                 866@0000322c: $21 <= 4c7539cc
                 870@00003230: $31 <= 7ed50000
                 878@00003234: $31 <= 7ed50fbd
                 882@00003238: $13 <= 376c0000
                 890@0000323c: $13 <= 376ce134
                 894@00003240: $21 <= 405e0000
                 902@00003244: $21 <= 405eb5d9
                 906@00003248: $ 4 <= 775c0000
                 914@0000324c: $ 4 <= 775cd960
                 918@00003250: $ 1 <= 7ee60000
                 926@00003254: $ 1 <= 7ee65361
                 930@00003258: $25 <= 9f7f0000
                 938@0000325c: $25 <= 9f7f0ffb
                 942@00003260: $27 <= d9c50000
                 950@00003264: $27 <= d9c51f93
                 954@00003268: $31 <= fdc60000
                 962@0000326c: $31 <= fdc67993
                 966@00003270: $20 <= 7dbf0000
                 974@00003274: $20 <= 7dbf3890
                 978@00003278: $10 <= aeb50000
                 986@0000327c: $10 <= aeb51305
                 990@00003280: $ 8 <= 2a700000
                 998@00003284: $ 8 <= 2a7059b8
