ISim log file
Running: C:\Users\27628\Desktop\CO-2025\P7\mips_cpu_p7\mips_txt_isim_beh.exe -intstyle ise -gui -tclbatch isim.cmd -wdb C:/Users/27628/Desktop/CO-2025/P7/mips_cpu_p7/mips_txt_isim_beh.wdb 
ISim P.20131013 (signature 0x7708f090)
----------------------------------------------------------------------
INFO:Security:51 - The XILINXD_LICENSE_FILE environment variable is not set.
INFO:Security:53 - The LM_LICENSE_FILE environment variable is not set.
INFO:Security:68a - user is 27628, on host XIAONAOLIU.
WARNING:Security:43 - No license file was found in the standard Xilinx license directory.
WARNING:Security:44 - Since no license file was found,
       please run the Xilinx License Configuration Manager
       (xlcm or "Manage Xilinx Licenses")
       to assist in obtaining a license.
ERROR:Security:14 - No feature was available for 'ISIM'.

No such feature exists.
Feature:       ISIM
License path:  C:/.Xilinx;C:\Xilinx\14.7\ISE_DS\ISE\/data\*.lic;C:\Xilinx\14.7\ISE_DS\ISE\/coregen/core_licenses\Xilinx.lic;C:\Xilinx\14.7\ISE_DS\ISE\/coregen/core_licenses\XilinxFree.lic;C:\Xilinx\14.7\ISE_DS\EDK/data/core_licenses\Xilinx.lic;
FLEXnet Licensing error:-5,357
For further information, refer to the FLEXnet Licensing documentation,
available at "www.flexerasoftware.com".
----------------------------------------------------------------------
WARNING: A full ISim License cannot be checked out due to the issues listed above. Please use Xilinx License Configuration Manager to fix these issues in order to check out a full ISim license.
WARNING: ISim will run in Lite mode. Please refer to the ISim documentation for more information on the differences between the Lite and the Full version.
This is a Lite version of ISim.
Time resolution is 1 ps
# onerror resume
# wave add /
# run 1000 ns
Simulator is doing circuit initialization process.
Finished circuit initialization process.
ISim P.20131013 (signature 0x7708f090)
----------------------------------------------------------------------
INFO:Security:51 - The XILINXD_LICENSE_FILE environment variable is not set.
INFO:Security:53 - The LM_LICENSE_FILE environment variable is not set.
INFO:Security:68a - user is 27628, on host XIAONAOLIU.
WARNING:Security:43 - No license file was found in the standard Xilinx license directory.
WARNING:Security:44 - Since no license file was found,
       please run the Xilinx License Configuration Manager
       (xlcm or "Manage Xilinx Licenses")
       to assist in obtaining a license.
ERROR:Security:14 - No feature was available for 'ISIM'.

No such feature exists.
Feature:       ISIM
License path:  C:/.Xilinx;C:\Xilinx\14.7\ISE_DS\ISE\/data\*.lic;C:\Xilinx\14.7\ISE_DS\ISE\/coregen/core_licenses\Xilinx.lic;C:\Xilinx\14.7\ISE_DS\ISE\/coregen/core_licenses\XilinxFree.lic;C:\Xilinx\14.7\ISE_DS\EDK/data/core_licenses\Xilinx.lic;
FLEXnet Licensing error:-5,357
For further information, refer to the FLEXnet Licensing documentation,
available at "www.flexerasoftware.com".
----------------------------------------------------------------------
WARNING: A full ISim License cannot be checked out due to the issues listed above. Please use Xilinx License Configuration Manager to fix these issues in order to check out a full ISim license.
WARNING: ISim will run in Lite mode. Please refer to the ISim documentation for more information on the differences between the Lite and the Full version.
This is a Lite version of ISim.
# run 1000 ns
Simulator is doing circuit initialization process.
Finished circuit initialization process.
ISim P.20131013 (signature 0x7708f090)
----------------------------------------------------------------------
INFO:Security:51 - The XILINXD_LICENSE_FILE environment variable is not set.
INFO:Security:53 - The LM_LICENSE_FILE environment variable is not set.
INFO:Security:68a - user is 27628, on host XIAONAOLIU.
WARNING:Security:43 - No license file was found in the standard Xilinx license directory.
WARNING:Security:44 - Since no license file was found,
       please run the Xilinx License Configuration Manager
       (xlcm or "Manage Xilinx Licenses")
       to assist in obtaining a license.
ERROR:Security:14 - No feature was available for 'ISIM'.

No such feature exists.
Feature:       ISIM
License path:  C:/.Xilinx;C:\Xilinx\14.7\ISE_DS\ISE\/data\*.lic;C:\Xilinx\14.7\ISE_DS\ISE\/coregen/core_licenses\Xilinx.lic;C:\Xilinx\14.7\ISE_DS\ISE\/coregen/core_licenses\XilinxFree.lic;C:\Xilinx\14.7\ISE_DS\EDK/data/core_licenses\Xilinx.lic;
FLEXnet Licensing error:-5,357
For further information, refer to the FLEXnet Licensing documentation,
available at "www.flexerasoftware.com".
----------------------------------------------------------------------
WARNING: A full ISim License cannot be checked out due to the issues listed above. Please use Xilinx License Configuration Manager to fix these issues in order to check out a full ISim license.
WARNING: ISim will run in Lite mode. Please refer to the ISim documentation for more information on the differences between the Lite and the Full version.
This is a Lite version of ISim.
# run 1000 ns
Simulator is doing circuit initialization process.
Finished circuit initialization process.
ISim P.20131013 (signature 0x7708f090)
----------------------------------------------------------------------
INFO:Security:51 - The XILINXD_LICENSE_FILE environment variable is not set.
INFO:Security:53 - The LM_LICENSE_FILE environment variable is not set.
INFO:Security:68a - user is 27628, on host XIAONAOLIU.
WARNING:Security:43 - No license file was found in the standard Xilinx license directory.
WARNING:Security:44 - Since no license file was found,
       please run the Xilinx License Configuration Manager
       (xlcm or "Manage Xilinx Licenses")
       to assist in obtaining a license.
ERROR:Security:14 - No feature was available for 'ISIM'.

No such feature exists.
Feature:       ISIM
License path:  C:/.Xilinx;C:\Xilinx\14.7\ISE_DS\ISE\/data\*.lic;C:\Xilinx\14.7\ISE_DS\ISE\/coregen/core_licenses\Xilinx.lic;C:\Xilinx\14.7\ISE_DS\ISE\/coregen/core_licenses\XilinxFree.lic;C:\Xilinx\14.7\ISE_DS\EDK/data/core_licenses\Xilinx.lic;
FLEXnet Licensing error:-5,357
For further information, refer to the FLEXnet Licensing documentation,
available at "www.flexerasoftware.com".
----------------------------------------------------------------------
WARNING: A full ISim License cannot be checked out due to the issues listed above. Please use Xilinx License Configuration Manager to fix these issues in order to check out a full ISim license.
WARNING: ISim will run in Lite mode. Please refer to the ISim documentation for more information on the differences between the Lite and the Full version.
This is a Lite version of ISim.
# run 1000 ns
Simulator is doing circuit initialization process.
Finished circuit initialization process.
ISim P.20131013 (signature 0x7708f090)
----------------------------------------------------------------------
INFO:Security:51 - The XILINXD_LICENSE_FILE environment variable is not set.
INFO:Security:53 - The LM_LICENSE_FILE environment variable is not set.
INFO:Security:68a - user is 27628, on host XIAONAOLIU.
WARNING:Security:43 - No license file was found in the standard Xilinx license directory.
WARNING:Security:44 - Since no license file was found,
       please run the Xilinx License Configuration Manager
       (xlcm or "Manage Xilinx Licenses")
       to assist in obtaining a license.
ERROR:Security:14 - No feature was available for 'ISIM'.

No such feature exists.
Feature:       ISIM
License path:  C:/.Xilinx;C:\Xilinx\14.7\ISE_DS\ISE\/data\*.lic;C:\Xilinx\14.7\ISE_DS\ISE\/coregen/core_licenses\Xilinx.lic;C:\Xilinx\14.7\ISE_DS\ISE\/coregen/core_licenses\XilinxFree.lic;C:\Xilinx\14.7\ISE_DS\EDK/data/core_licenses\Xilinx.lic;
FLEXnet Licensing error:-5,357
For further information, refer to the FLEXnet Licensing documentation,
available at "www.flexerasoftware.com".
----------------------------------------------------------------------
WARNING: A full ISim License cannot be checked out due to the issues listed above. Please use Xilinx License Configuration Manager to fix these issues in order to check out a full ISim license.
WARNING: ISim will run in Lite mode. Please refer to the ISim documentation for more information on the differences between the Lite and the Full version.
This is a Lite version of ISim.
# run 1000 ns
Simulator is doing circuit initialization process.
Finished circuit initialization process.
ISim P.20131013 (signature 0x7708f090)
----------------------------------------------------------------------
INFO:Security:51 - The XILINXD_LICENSE_FILE environment variable is not set.
INFO:Security:53 - The LM_LICENSE_FILE environment variable is not set.
INFO:Security:68a - user is 27628, on host XIAONAOLIU.
WARNING:Security:43 - No license file was found in the standard Xilinx license directory.
WARNING:Security:44 - Since no license file was found,
       please run the Xilinx License Configuration Manager
       (xlcm or "Manage Xilinx Licenses")
       to assist in obtaining a license.
ERROR:Security:14 - No feature was available for 'ISIM'.

No such feature exists.
Feature:       ISIM
License path:  C:/.Xilinx;C:\Xilinx\14.7\ISE_DS\ISE\/data\*.lic;C:\Xilinx\14.7\ISE_DS\ISE\/coregen/core_licenses\Xilinx.lic;C:\Xilinx\14.7\ISE_DS\ISE\/coregen/core_licenses\XilinxFree.lic;C:\Xilinx\14.7\ISE_DS\EDK/data/core_licenses\Xilinx.lic;
FLEXnet Licensing error:-5,357
For further information, refer to the FLEXnet Licensing documentation,
available at "www.flexerasoftware.com".
----------------------------------------------------------------------
WARNING: A full ISim License cannot be checked out due to the issues listed above. Please use Xilinx License Configuration Manager to fix these issues in order to check out a full ISim license.
WARNING: ISim will run in Lite mode. Please refer to the ISim documentation for more information on the differences between the Lite and the Full version.
This is a Lite version of ISim.
# run 1000 ns
Simulator is doing circuit initialization process.
Finished circuit initialization process.
ISim P.20131013 (signature 0x7708f090)
----------------------------------------------------------------------
INFO:Security:51 - The XILINXD_LICENSE_FILE environment variable is not set.
INFO:Security:53 - The LM_LICENSE_FILE environment variable is not set.
INFO:Security:68a - user is 27628, on host XIAONAOLIU.
WARNING:Security:43 - No license file was found in the standard Xilinx license directory.
WARNING:Security:44 - Since no license file was found,
       please run the Xilinx License Configuration Manager
       (xlcm or "Manage Xilinx Licenses")
       to assist in obtaining a license.
ERROR:Security:14 - No feature was available for 'ISIM'.

No such feature exists.
Feature:       ISIM
License path:  C:/.Xilinx;C:\Xilinx\14.7\ISE_DS\ISE\/data\*.lic;C:\Xilinx\14.7\ISE_DS\ISE\/coregen/core_licenses\Xilinx.lic;C:\Xilinx\14.7\ISE_DS\ISE\/coregen/core_licenses\XilinxFree.lic;C:\Xilinx\14.7\ISE_DS\EDK/data/core_licenses\Xilinx.lic;
FLEXnet Licensing error:-5,357
For further information, refer to the FLEXnet Licensing documentation,
available at "www.flexerasoftware.com".
----------------------------------------------------------------------
WARNING: A full ISim License cannot be checked out due to the issues listed above. Please use Xilinx License Configuration Manager to fix these issues in order to check out a full ISim license.
WARNING: ISim will run in Lite mode. Please refer to the ISim documentation for more information on the differences between the Lite and the Full version.
This is a Lite version of ISim.
# run 1000 ns
Simulator is doing circuit initialization process.
Finished circuit initialization process.
ISim P.20131013 (signature 0x7708f090)
----------------------------------------------------------------------
INFO:Security:51 - The XILINXD_LICENSE_FILE environment variable is not set.
INFO:Security:53 - The LM_LICENSE_FILE environment variable is not set.
INFO:Security:68a - user is 27628, on host XIAONAOLIU.
WARNING:Security:43 - No license file was found in the standard Xilinx license directory.
WARNING:Security:44 - Since no license file was found,
       please run the Xilinx License Configuration Manager
       (xlcm or "Manage Xilinx Licenses")
       to assist in obtaining a license.
ERROR:Security:14 - No feature was available for 'ISIM'.

No such feature exists.
Feature:       ISIM
License path:  C:/.Xilinx;C:\Xilinx\14.7\ISE_DS\ISE\/data\*.lic;C:\Xilinx\14.7\ISE_DS\ISE\/coregen/core_licenses\Xilinx.lic;C:\Xilinx\14.7\ISE_DS\ISE\/coregen/core_licenses\XilinxFree.lic;C:\Xilinx\14.7\ISE_DS\EDK/data/core_licenses\Xilinx.lic;
FLEXnet Licensing error:-5,357
For further information, refer to the FLEXnet Licensing documentation,
available at "www.flexerasoftware.com".
----------------------------------------------------------------------
WARNING: A full ISim License cannot be checked out due to the issues listed above. Please use Xilinx License Configuration Manager to fix these issues in order to check out a full ISim license.
WARNING: ISim will run in Lite mode. Please refer to the ISim documentation for more information on the differences between the Lite and the Full version.
This is a Lite version of ISim.
# run 1000 ns
Simulator is doing circuit initialization process.
Finished circuit initialization process.
ISim P.20131013 (signature 0x7708f090)
----------------------------------------------------------------------
INFO:Security:51 - The XILINXD_LICENSE_FILE environment variable is not set.
INFO:Security:53 - The LM_LICENSE_FILE environment variable is not set.
INFO:Security:68a - user is 27628, on host XIAONAOLIU.
WARNING:Security:43 - No license file was found in the standard Xilinx license directory.
WARNING:Security:44 - Since no license file was found,
       please run the Xilinx License Configuration Manager
       (xlcm or "Manage Xilinx Licenses")
       to assist in obtaining a license.
ERROR:Security:14 - No feature was available for 'ISIM'.

No such feature exists.
Feature:       ISIM
License path:  C:/.Xilinx;C:\Xilinx\14.7\ISE_DS\ISE\/data\*.lic;C:\Xilinx\14.7\ISE_DS\ISE\/coregen/core_licenses\Xilinx.lic;C:\Xilinx\14.7\ISE_DS\ISE\/coregen/core_licenses\XilinxFree.lic;C:\Xilinx\14.7\ISE_DS\EDK/data/core_licenses\Xilinx.lic;
FLEXnet Licensing error:-5,357
For further information, refer to the FLEXnet Licensing documentation,
available at "www.flexerasoftware.com".
----------------------------------------------------------------------
WARNING: A full ISim License cannot be checked out due to the issues listed above. Please use Xilinx License Configuration Manager to fix these issues in order to check out a full ISim license.
WARNING: ISim will run in Lite mode. Please refer to the ISim documentation for more information on the differences between the Lite and the Full version.
This is a Lite version of ISim.
# run 1000 ns
Simulator is doing circuit initialization process.
Finished circuit initialization process.
ISim P.20131013 (signature 0x7708f090)
----------------------------------------------------------------------
INFO:Security:51 - The XILINXD_LICENSE_FILE environment variable is not set.
INFO:Security:53 - The LM_LICENSE_FILE environment variable is not set.
INFO:Security:68a - user is 27628, on host XIAONAOLIU.
WARNING:Security:43 - No license file was found in the standard Xilinx license directory.
WARNING:Security:44 - Since no license file was found,
       please run the Xilinx License Configuration Manager
       (xlcm or "Manage Xilinx Licenses")
       to assist in obtaining a license.
ERROR:Security:14 - No feature was available for 'ISIM'.

No such feature exists.
Feature:       ISIM
License path:  C:/.Xilinx;C:\Xilinx\14.7\ISE_DS\ISE\/data\*.lic;C:\Xilinx\14.7\ISE_DS\ISE\/coregen/core_licenses\Xilinx.lic;C:\Xilinx\14.7\ISE_DS\ISE\/coregen/core_licenses\XilinxFree.lic;C:\Xilinx\14.7\ISE_DS\EDK/data/core_licenses\Xilinx.lic;
FLEXnet Licensing error:-5,357
For further information, refer to the FLEXnet Licensing documentation,
available at "www.flexerasoftware.com".
----------------------------------------------------------------------
WARNING: A full ISim License cannot be checked out due to the issues listed above. Please use Xilinx License Configuration Manager to fix these issues in order to check out a full ISim license.
WARNING: ISim will run in Lite mode. Please refer to the ISim documentation for more information on the differences between the Lite and the Full version.
This is a Lite version of ISim.
# run 1000 ns
Simulator is doing circuit initialization process.
Finished circuit initialization process.
ISim P.20131013 (signature 0x7708f090)
----------------------------------------------------------------------
INFO:Security:51 - The XILINXD_LICENSE_FILE environment variable is not set.
INFO:Security:53 - The LM_LICENSE_FILE environment variable is not set.
INFO:Security:68a - user is 27628, on host XIAONAOLIU.
WARNING:Security:43 - No license file was found in the standard Xilinx license directory.
WARNING:Security:44 - Since no license file was found,
       please run the Xilinx License Configuration Manager
       (xlcm or "Manage Xilinx Licenses")
       to assist in obtaining a license.
ERROR:Security:14 - No feature was available for 'ISIM'.

No such feature exists.
Feature:       ISIM
License path:  C:/.Xilinx;C:\Xilinx\14.7\ISE_DS\ISE\/data\*.lic;C:\Xilinx\14.7\ISE_DS\ISE\/coregen/core_licenses\Xilinx.lic;C:\Xilinx\14.7\ISE_DS\ISE\/coregen/core_licenses\XilinxFree.lic;C:\Xilinx\14.7\ISE_DS\EDK/data/core_licenses\Xilinx.lic;
FLEXnet Licensing error:-5,357
For further information, refer to the FLEXnet Licensing documentation,
available at "www.flexerasoftware.com".
----------------------------------------------------------------------
WARNING: A full ISim License cannot be checked out due to the issues listed above. Please use Xilinx License Configuration Manager to fix these issues in order to check out a full ISim license.
WARNING: ISim will run in Lite mode. Please refer to the ISim documentation for more information on the differences between the Lite and the Full version.
This is a Lite version of ISim.
# run 1000 ns
Simulator is doing circuit initialization process.
Finished circuit initialization process.
ISim P.20131013 (signature 0x7708f090)
----------------------------------------------------------------------
INFO:Security:51 - The XILINXD_LICENSE_FILE environment variable is not set.
INFO:Security:53 - The LM_LICENSE_FILE environment variable is not set.
INFO:Security:68a - user is 27628, on host XIAONAOLIU.
WARNING:Security:43 - No license file was found in the standard Xilinx license directory.
WARNING:Security:44 - Since no license file was found,
       please run the Xilinx License Configuration Manager
       (xlcm or "Manage Xilinx Licenses")
       to assist in obtaining a license.
ERROR:Security:14 - No feature was available for 'ISIM'.

No such feature exists.
Feature:       ISIM
License path:  C:/.Xilinx;C:\Xilinx\14.7\ISE_DS\ISE\/data\*.lic;C:\Xilinx\14.7\ISE_DS\ISE\/coregen/core_licenses\Xilinx.lic;C:\Xilinx\14.7\ISE_DS\ISE\/coregen/core_licenses\XilinxFree.lic;C:\Xilinx\14.7\ISE_DS\EDK/data/core_licenses\Xilinx.lic;
FLEXnet Licensing error:-5,357
For further information, refer to the FLEXnet Licensing documentation,
available at "www.flexerasoftware.com".
----------------------------------------------------------------------
WARNING: A full ISim License cannot be checked out due to the issues listed above. Please use Xilinx License Configuration Manager to fix these issues in order to check out a full ISim license.
WARNING: ISim will run in Lite mode. Please refer to the ISim documentation for more information on the differences between the Lite and the Full version.
This is a Lite version of ISim.
# run 1000 ns
Simulator is doing circuit initialization process.
Finished circuit initialization process.
ISim P.20131013 (signature 0x7708f090)
----------------------------------------------------------------------
INFO:Security:51 - The XILINXD_LICENSE_FILE environment variable is not set.
INFO:Security:53 - The LM_LICENSE_FILE environment variable is not set.
INFO:Security:68a - user is 27628, on host XIAONAOLIU.
WARNING:Security:43 - No license file was found in the standard Xilinx license directory.
WARNING:Security:44 - Since no license file was found,
       please run the Xilinx License Configuration Manager
       (xlcm or "Manage Xilinx Licenses")
       to assist in obtaining a license.
ERROR:Security:14 - No feature was available for 'ISIM'.

No such feature exists.
Feature:       ISIM
License path:  C:/.Xilinx;C:\Xilinx\14.7\ISE_DS\ISE\/data\*.lic;C:\Xilinx\14.7\ISE_DS\ISE\/coregen/core_licenses\Xilinx.lic;C:\Xilinx\14.7\ISE_DS\ISE\/coregen/core_licenses\XilinxFree.lic;C:\Xilinx\14.7\ISE_DS\EDK/data/core_licenses\Xilinx.lic;
FLEXnet Licensing error:-5,357
For further information, refer to the FLEXnet Licensing documentation,
available at "www.flexerasoftware.com".
----------------------------------------------------------------------
WARNING: A full ISim License cannot be checked out due to the issues listed above. Please use Xilinx License Configuration Manager to fix these issues in order to check out a full ISim license.
WARNING: ISim will run in Lite mode. Please refer to the ISim documentation for more information on the differences between the Lite and the Full version.
This is a Lite version of ISim.
# run 1000 ns
Simulator is doing circuit initialization process.
Finished circuit initialization process.
                  38@00003000: $ 5 <= 000071b8
                  42@00003004: $14 <= ffff0000
                  50@00003008: $14 <= fffff04e
                  58@00003008: $14 <= fffff04e
                  66@00003008: $14 <= fffff04e
                  74@00003008: $14 <= fffff04e
                  82@00003008: $14 <= fffff04e
                  90@00003008: $14 <= fffff04e
                  98@00003008: $14 <= fffff04e
                 106@00003008: $14 <= fffff04e
                 114@00003008: $14 <= fffff04e
                 122@00003008: $14 <= fffff04e
                 130@00003008: $14 <= fffff04e
                 138@00003008: $14 <= fffff04e
                 146@00003008: $14 <= fffff04e
                 154@00003008: $14 <= fffff04e
                 162@00003008: $14 <= fffff04e
                 170@00003008: $14 <= fffff04e
                 178@00003008: $14 <= fffff04e
                 186@00003008: $14 <= fffff04e
                 194@00003008: $14 <= fffff04e
                 202@00003008: $14 <= fffff04e
                 210@00003008: $14 <= fffff04e
                 218@00003008: $14 <= fffff04e
                 226@00003008: $14 <= fffff04e
                 234@00003008: $14 <= fffff04e
                 242@00003008: $14 <= fffff04e
                 250@00003008: $14 <= fffff04e
                 258@00003008: $14 <= fffff04e
                 266@00003008: $14 <= fffff04e
                 274@00003008: $14 <= fffff04e
                 282@00003008: $14 <= fffff04e
                 290@00003008: $14 <= fffff04e
                 298@00003008: $14 <= fffff04e
                 306@00003008: $14 <= fffff04e
                 314@00003008: $14 <= fffff04e
                 322@00003008: $14 <= fffff04e
                 330@00003008: $14 <= fffff04e
                 338@00003008: $14 <= fffff04e
                 346@00003008: $14 <= fffff04e
                 354@00003008: $14 <= fffff04e
                 362@00003008: $14 <= fffff04e
                 370@00003008: $14 <= fffff04e
                 378@00003008: $14 <= fffff04e
                 386@00003008: $14 <= fffff04e
                 394@00003008: $14 <= fffff04e
                 402@00003008: $14 <= fffff04e
                 410@00003008: $14 <= fffff04e
                 418@00003008: $14 <= fffff04e
                 426@00003008: $14 <= fffff04e
                 434@00003008: $14 <= fffff04e
                 442@00003008: $14 <= fffff04e
                 450@00003008: $14 <= fffff04e
                 458@00003008: $14 <= fffff04e
                 466@00003008: $14 <= fffff04e
                 474@00003008: $14 <= fffff04e
                 482@00003008: $14 <= fffff04e
                 490@00003008: $14 <= fffff04e
                 498@00003008: $14 <= fffff04e
                 506@00003008: $14 <= fffff04e
                 514@00003008: $14 <= fffff04e
                 522@00003008: $14 <= fffff04e
                 530@00003008: $14 <= fffff04e
                 538@00003008: $14 <= fffff04e
                 546@00003008: $14 <= fffff04e
                 554@00003008: $14 <= fffff04e
                 562@00003008: $14 <= fffff04e
                 570@00003008: $14 <= fffff04e
                 578@00003008: $14 <= fffff04e
                 586@00003008: $14 <= fffff04e
                 594@00003008: $14 <= fffff04e
                 602@00003008: $14 <= fffff04e
                 610@00003008: $14 <= fffff04e
                 618@00003008: $14 <= fffff04e
                 626@00003008: $14 <= fffff04e
                 634@00003008: $14 <= fffff04e
                 642@00003008: $14 <= fffff04e
                 650@00003008: $14 <= fffff04e
                 658@00003008: $14 <= fffff04e
                 666@00003008: $14 <= fffff04e
                 674@00003008: $14 <= fffff04e
                 682@00003008: $14 <= fffff04e
                 690@00003008: $14 <= fffff04e
                 698@00003008: $14 <= fffff04e
                 706@00003008: $14 <= fffff04e
                 714@00003008: $14 <= fffff04e
                 722@00003008: $14 <= fffff04e
                 730@00003008: $14 <= fffff04e
                 738@00003008: $14 <= fffff04e
                 746@00003008: $14 <= fffff04e
                 754@00003008: $14 <= fffff04e
                 762@00003008: $14 <= fffff04e
                 770@00003008: $14 <= fffff04e
                 778@00003008: $14 <= fffff04e
                 786@00003008: $14 <= fffff04e
                 794@00003008: $14 <= fffff04e
                 802@00003008: $14 <= fffff04e
                 810@00003008: $14 <= fffff04e
                 818@00003008: $14 <= fffff04e
                 826@00003008: $14 <= fffff04e
                 834@00003008: $14 <= fffff04e
                 842@00003008: $14 <= fffff04e
                 850@00003008: $14 <= fffff04e
                 858@00003008: $14 <= fffff04e
                 866@00003008: $14 <= fffff04e
                 874@00003008: $14 <= fffff04e
                 882@00003008: $14 <= fffff04e
                 890@00003008: $14 <= fffff04e
                 898@00003008: $14 <= fffff04e
                 906@00003008: $14 <= fffff04e
                 914@00003008: $14 <= fffff04e
                 922@00003008: $14 <= fffff04e
                 930@00003008: $14 <= fffff04e
                 938@00003008: $14 <= fffff04e
                 946@00003008: $14 <= fffff04e
                 954@00003008: $14 <= fffff04e
                 962@00003008: $14 <= fffff04e
                 970@00003008: $14 <= fffff04e
                 978@00003008: $14 <= fffff04e
                 986@00003008: $14 <= fffff04e
                 994@00003008: $14 <= fffff04e
ISim P.20131013 (signature 0x7708f090)
----------------------------------------------------------------------
INFO:Security:51 - The XILINXD_LICENSE_FILE environment variable is not set.
INFO:Security:53 - The LM_LICENSE_FILE environment variable is not set.
INFO:Security:68a - user is 27628, on host XIAONAOLIU.
WARNING:Security:43 - No license file was found in the standard Xilinx license directory.
WARNING:Security:44 - Since no license file was found,
       please run the Xilinx License Configuration Manager
       (xlcm or "Manage Xilinx Licenses")
       to assist in obtaining a license.
ERROR:Security:14 - No feature was available for 'ISIM'.

No such feature exists.
Feature:       ISIM
License path:  C:/.Xilinx;C:\Xilinx\14.7\ISE_DS\ISE\/data\*.lic;C:\Xilinx\14.7\ISE_DS\ISE\/coregen/core_licenses\Xilinx.lic;C:\Xilinx\14.7\ISE_DS\ISE\/coregen/core_licenses\XilinxFree.lic;C:\Xilinx\14.7\ISE_DS\EDK/data/core_licenses\Xilinx.lic;
FLEXnet Licensing error:-5,357
For further information, refer to the FLEXnet Licensing documentation,
available at "www.flexerasoftware.com".
----------------------------------------------------------------------
WARNING: A full ISim License cannot be checked out due to the issues listed above. Please use Xilinx License Configuration Manager to fix these issues in order to check out a full ISim license.
WARNING: ISim will run in Lite mode. Please refer to the ISim documentation for more information on the differences between the Lite and the Full version.
This is a Lite version of ISim.
# run 1000 ns
Simulator is doing circuit initialization process.
Finished circuit initialization process.
                  38@00003000: $ 5 <= 000071b8
                  42@00003004: $14 <= ffff0000
                  50@00003008: $14 <= fffff04e
                  58@00003008: $14 <= fffff04e
                  66@00003008: $14 <= fffff04e
                  74@00003008: $14 <= fffff04e
                  82@00003008: $14 <= fffff04e
                  90@00003008: $14 <= fffff04e
                  98@00003008: $14 <= fffff04e
                 106@00003008: $14 <= fffff04e
                 114@00003008: $14 <= fffff04e
                 122@00003008: $14 <= fffff04e
                 130@00003008: $14 <= fffff04e
                 138@00003008: $14 <= fffff04e
                 146@00003008: $14 <= fffff04e
                 154@00003008: $14 <= fffff04e
                 162@00003008: $14 <= fffff04e
                 170@00003008: $14 <= fffff04e
                 178@00003008: $14 <= fffff04e
                 186@00003008: $14 <= fffff04e
                 194@00003008: $14 <= fffff04e
                 202@00003008: $14 <= fffff04e
                 210@00003008: $14 <= fffff04e
                 218@00003008: $14 <= fffff04e
                 226@00003008: $14 <= fffff04e
                 234@00003008: $14 <= fffff04e
                 242@00003008: $14 <= fffff04e
                 250@00003008: $14 <= fffff04e
                 258@00003008: $14 <= fffff04e
                 266@00003008: $14 <= fffff04e
                 274@00003008: $14 <= fffff04e
                 282@00003008: $14 <= fffff04e
                 290@00003008: $14 <= fffff04e
                 298@00003008: $14 <= fffff04e
                 306@00003008: $14 <= fffff04e
                 314@00003008: $14 <= fffff04e
                 322@00003008: $14 <= fffff04e
                 330@00003008: $14 <= fffff04e
                 338@00003008: $14 <= fffff04e
                 346@00003008: $14 <= fffff04e
                 354@00003008: $14 <= fffff04e
                 362@00003008: $14 <= fffff04e
                 370@00003008: $14 <= fffff04e
                 378@00003008: $14 <= fffff04e
                 386@00003008: $14 <= fffff04e
                 394@00003008: $14 <= fffff04e
                 402@00003008: $14 <= fffff04e
                 410@00003008: $14 <= fffff04e
                 418@00003008: $14 <= fffff04e
                 426@00003008: $14 <= fffff04e
                 434@00003008: $14 <= fffff04e
                 442@00003008: $14 <= fffff04e
                 450@00003008: $14 <= fffff04e
                 458@00003008: $14 <= fffff04e
                 466@00003008: $14 <= fffff04e
                 474@00003008: $14 <= fffff04e
                 482@00003008: $14 <= fffff04e
                 490@00003008: $14 <= fffff04e
                 498@00003008: $14 <= fffff04e
                 506@00003008: $14 <= fffff04e
                 514@00003008: $14 <= fffff04e
                 522@00003008: $14 <= fffff04e
                 530@00003008: $14 <= fffff04e
                 538@00003008: $14 <= fffff04e
                 546@00003008: $14 <= fffff04e
                 554@00003008: $14 <= fffff04e
                 562@00003008: $14 <= fffff04e
                 570@00003008: $14 <= fffff04e
                 578@00003008: $14 <= fffff04e
                 586@00003008: $14 <= fffff04e
                 594@00003008: $14 <= fffff04e
                 602@00003008: $14 <= fffff04e
                 610@00003008: $14 <= fffff04e
                 618@00003008: $14 <= fffff04e
                 626@00003008: $14 <= fffff04e
                 634@00003008: $14 <= fffff04e
                 642@00003008: $14 <= fffff04e
                 650@00003008: $14 <= fffff04e
                 658@00003008: $14 <= fffff04e
                 666@00003008: $14 <= fffff04e
                 674@00003008: $14 <= fffff04e
                 682@00003008: $14 <= fffff04e
                 690@00003008: $14 <= fffff04e
                 698@00003008: $14 <= fffff04e
                 706@00003008: $14 <= fffff04e
                 714@00003008: $14 <= fffff04e
                 722@00003008: $14 <= fffff04e
                 730@00003008: $14 <= fffff04e
                 738@00003008: $14 <= fffff04e
                 746@00003008: $14 <= fffff04e
                 754@00003008: $14 <= fffff04e
                 762@00003008: $14 <= fffff04e
                 770@00003008: $14 <= fffff04e
                 778@00003008: $14 <= fffff04e
                 786@00003008: $14 <= fffff04e
                 794@00003008: $14 <= fffff04e
                 802@00003008: $14 <= fffff04e
                 810@00003008: $14 <= fffff04e
                 818@00003008: $14 <= fffff04e
                 826@00003008: $14 <= fffff04e
                 834@00003008: $14 <= fffff04e
                 842@00003008: $14 <= fffff04e
                 850@00003008: $14 <= fffff04e
                 858@00003008: $14 <= fffff04e
                 866@00003008: $14 <= fffff04e
                 874@00003008: $14 <= fffff04e
                 882@00003008: $14 <= fffff04e
                 890@00003008: $14 <= fffff04e
                 898@00003008: $14 <= fffff04e
                 906@00003008: $14 <= fffff04e
                 914@00003008: $14 <= fffff04e
                 922@00003008: $14 <= fffff04e
                 930@00003008: $14 <= fffff04e
                 938@00003008: $14 <= fffff04e
                 946@00003008: $14 <= fffff04e
                 954@00003008: $14 <= fffff04e
                 962@00003008: $14 <= fffff04e
                 970@00003008: $14 <= fffff04e
                 978@00003008: $14 <= fffff04e
                 986@00003008: $14 <= fffff04e
                 994@00003008: $14 <= fffff04e
ISim P.20131013 (signature 0x7708f090)
----------------------------------------------------------------------
INFO:Security:51 - The XILINXD_LICENSE_FILE environment variable is not set.
INFO:Security:53 - The LM_LICENSE_FILE environment variable is not set.
INFO:Security:68a - user is 27628, on host XIAONAOLIU.
WARNING:Security:43 - No license file was found in the standard Xilinx license directory.
WARNING:Security:44 - Since no license file was found,
       please run the Xilinx License Configuration Manager
       (xlcm or "Manage Xilinx Licenses")
       to assist in obtaining a license.
ERROR:Security:14 - No feature was available for 'ISIM'.

No such feature exists.
Feature:       ISIM
License path:  C:/.Xilinx;C:\Xilinx\14.7\ISE_DS\ISE\/data\*.lic;C:\Xilinx\14.7\ISE_DS\ISE\/coregen/core_licenses\Xilinx.lic;C:\Xilinx\14.7\ISE_DS\ISE\/coregen/core_licenses\XilinxFree.lic;C:\Xilinx\14.7\ISE_DS\EDK/data/core_licenses\Xilinx.lic;
FLEXnet Licensing error:-5,357
For further information, refer to the FLEXnet Licensing documentation,
available at "www.flexerasoftware.com".
----------------------------------------------------------------------
WARNING: A full ISim License cannot be checked out due to the issues listed above. Please use Xilinx License Configuration Manager to fix these issues in order to check out a full ISim license.
WARNING: ISim will run in Lite mode. Please refer to the ISim documentation for more information on the differences between the Lite and the Full version.
This is a Lite version of ISim.
# run 1000 ns
Simulator is doing circuit initialization process.
Finished circuit initialization process.
                  38@00003000: $ 5 <= 000071b8
                  42@00003004: $14 <= ffff0000
                  50@00003008: $14 <= fffff04e
                  58@00003008: $14 <= fffff04e
                  66@00003008: $14 <= fffff04e
                  74@00003008: $14 <= fffff04e
                  82@00003008: $14 <= fffff04e
                  90@00003008: $14 <= fffff04e
                  98@00003008: $14 <= fffff04e
                 106@00003008: $14 <= fffff04e
                 114@00003008: $14 <= fffff04e
                 122@00003008: $14 <= fffff04e
                 130@00003008: $14 <= fffff04e
                 138@00003008: $14 <= fffff04e
                 146@00003008: $14 <= fffff04e
                 154@00003008: $14 <= fffff04e
                 162@00003008: $14 <= fffff04e
                 170@00003008: $14 <= fffff04e
                 178@00003008: $14 <= fffff04e
                 186@00003008: $14 <= fffff04e
                 194@00003008: $14 <= fffff04e
                 202@00003008: $14 <= fffff04e
                 210@00003008: $14 <= fffff04e
                 218@00003008: $14 <= fffff04e
                 226@00003008: $14 <= fffff04e
                 234@00003008: $14 <= fffff04e
                 242@00003008: $14 <= fffff04e
                 250@00003008: $14 <= fffff04e
                 258@00003008: $14 <= fffff04e
                 266@00003008: $14 <= fffff04e
                 274@00003008: $14 <= fffff04e
                 282@00003008: $14 <= fffff04e
                 290@00003008: $14 <= fffff04e
                 298@00003008: $14 <= fffff04e
                 306@00003008: $14 <= fffff04e
                 314@00003008: $14 <= fffff04e
                 322@00003008: $14 <= fffff04e
                 330@00003008: $14 <= fffff04e
                 338@00003008: $14 <= fffff04e
                 346@00003008: $14 <= fffff04e
                 354@00003008: $14 <= fffff04e
                 362@00003008: $14 <= fffff04e
                 370@00003008: $14 <= fffff04e
                 378@00003008: $14 <= fffff04e
                 386@00003008: $14 <= fffff04e
                 394@00003008: $14 <= fffff04e
                 402@00003008: $14 <= fffff04e
                 410@00003008: $14 <= fffff04e
                 418@00003008: $14 <= fffff04e
                 426@00003008: $14 <= fffff04e
                 434@00003008: $14 <= fffff04e
                 442@00003008: $14 <= fffff04e
                 450@00003008: $14 <= fffff04e
                 458@00003008: $14 <= fffff04e
                 466@00003008: $14 <= fffff04e
                 474@00003008: $14 <= fffff04e
                 482@00003008: $14 <= fffff04e
                 490@00003008: $14 <= fffff04e
                 498@00003008: $14 <= fffff04e
                 506@00003008: $14 <= fffff04e
                 514@00003008: $14 <= fffff04e
                 522@00003008: $14 <= fffff04e
                 530@00003008: $14 <= fffff04e
                 538@00003008: $14 <= fffff04e
                 546@00003008: $14 <= fffff04e
                 554@00003008: $14 <= fffff04e
                 562@00003008: $14 <= fffff04e
                 570@00003008: $14 <= fffff04e
                 578@00003008: $14 <= fffff04e
                 586@00003008: $14 <= fffff04e
                 594@00003008: $14 <= fffff04e
                 602@00003008: $14 <= fffff04e
                 610@00003008: $14 <= fffff04e
                 618@00003008: $14 <= fffff04e
                 626@00003008: $14 <= fffff04e
                 634@00003008: $14 <= fffff04e
                 642@00003008: $14 <= fffff04e
                 650@00003008: $14 <= fffff04e
                 658@00003008: $14 <= fffff04e
                 666@00003008: $14 <= fffff04e
                 674@00003008: $14 <= fffff04e
                 682@00003008: $14 <= fffff04e
                 690@00003008: $14 <= fffff04e
                 698@00003008: $14 <= fffff04e
                 706@00003008: $14 <= fffff04e
                 714@00003008: $14 <= fffff04e
                 722@00003008: $14 <= fffff04e
                 730@00003008: $14 <= fffff04e
                 738@00003008: $14 <= fffff04e
                 746@00003008: $14 <= fffff04e
                 754@00003008: $14 <= fffff04e
                 762@00003008: $14 <= fffff04e
                 770@00003008: $14 <= fffff04e
                 778@00003008: $14 <= fffff04e
                 786@00003008: $14 <= fffff04e
                 794@00003008: $14 <= fffff04e
                 802@00003008: $14 <= fffff04e
                 810@00003008: $14 <= fffff04e
                 818@00003008: $14 <= fffff04e
                 826@00003008: $14 <= fffff04e
                 834@00003008: $14 <= fffff04e
                 842@00003008: $14 <= fffff04e
                 850@00003008: $14 <= fffff04e
                 858@00003008: $14 <= fffff04e
                 866@00003008: $14 <= fffff04e
                 874@00003008: $14 <= fffff04e
                 882@00003008: $14 <= fffff04e
                 890@00003008: $14 <= fffff04e
                 898@00003008: $14 <= fffff04e
                 906@00003008: $14 <= fffff04e
                 914@00003008: $14 <= fffff04e
                 922@00003008: $14 <= fffff04e
                 930@00003008: $14 <= fffff04e
                 938@00003008: $14 <= fffff04e
                 946@00003008: $14 <= fffff04e
                 954@00003008: $14 <= fffff04e
                 962@00003008: $14 <= fffff04e
                 970@00003008: $14 <= fffff04e
                 978@00003008: $14 <= fffff04e
                 986@00003008: $14 <= fffff04e
                 994@00003008: $14 <= fffff04e
ISim P.20131013 (signature 0x7708f090)
----------------------------------------------------------------------
INFO:Security:51 - The XILINXD_LICENSE_FILE environment variable is not set.
INFO:Security:53 - The LM_LICENSE_FILE environment variable is not set.
INFO:Security:68a - user is 27628, on host XIAONAOLIU.
WARNING:Security:43 - No license file was found in the standard Xilinx license directory.
WARNING:Security:44 - Since no license file was found,
       please run the Xilinx License Configuration Manager
       (xlcm or "Manage Xilinx Licenses")
       to assist in obtaining a license.
ERROR:Security:14 - No feature was available for 'ISIM'.

No such feature exists.
Feature:       ISIM
License path:  C:/.Xilinx;C:\Xilinx\14.7\ISE_DS\ISE\/data\*.lic;C:\Xilinx\14.7\ISE_DS\ISE\/coregen/core_licenses\Xilinx.lic;C:\Xilinx\14.7\ISE_DS\ISE\/coregen/core_licenses\XilinxFree.lic;C:\Xilinx\14.7\ISE_DS\EDK/data/core_licenses\Xilinx.lic;
FLEXnet Licensing error:-5,357
For further information, refer to the FLEXnet Licensing documentation,
available at "www.flexerasoftware.com".
----------------------------------------------------------------------
WARNING: A full ISim License cannot be checked out due to the issues listed above. Please use Xilinx License Configuration Manager to fix these issues in order to check out a full ISim license.
WARNING: ISim will run in Lite mode. Please refer to the ISim documentation for more information on the differences between the Lite and the Full version.
This is a Lite version of ISim.
# run 1000 ns
Simulator is doing circuit initialization process.
Finished circuit initialization process.
                  38@00003000: $ 5 <= 000071b8
                  42@00003004: $14 <= ffff0000
                  50@00003008: $14 <= fffff04e
                  58@00003008: $14 <= fffff04e
                  66@00003008: $14 <= fffff04e
                  74@00003008: $14 <= fffff04e
                  82@00003008: $14 <= fffff04e
                  90@00003008: $14 <= fffff04e
                  98@00003008: $14 <= fffff04e
                 106@00003008: $14 <= fffff04e
                 114@00003008: $14 <= fffff04e
                 122@00003008: $14 <= fffff04e
                 130@00003008: $14 <= fffff04e
                 138@00003008: $14 <= fffff04e
                 146@00003008: $14 <= fffff04e
                 154@00003008: $14 <= fffff04e
                 162@00003008: $14 <= fffff04e
                 170@00003008: $14 <= fffff04e
                 178@00003008: $14 <= fffff04e
                 186@00003008: $14 <= fffff04e
                 194@00003008: $14 <= fffff04e
                 202@00003008: $14 <= fffff04e
                 210@00003008: $14 <= fffff04e
                 218@00003008: $14 <= fffff04e
                 226@00003008: $14 <= fffff04e
                 234@00003008: $14 <= fffff04e
                 242@00003008: $14 <= fffff04e
                 250@00003008: $14 <= fffff04e
                 258@00003008: $14 <= fffff04e
                 266@00003008: $14 <= fffff04e
                 274@00003008: $14 <= fffff04e
                 282@00003008: $14 <= fffff04e
                 290@00003008: $14 <= fffff04e
                 298@00003008: $14 <= fffff04e
                 306@00003008: $14 <= fffff04e
                 314@00003008: $14 <= fffff04e
                 322@00003008: $14 <= fffff04e
                 330@00003008: $14 <= fffff04e
                 338@00003008: $14 <= fffff04e
                 346@00003008: $14 <= fffff04e
                 354@00003008: $14 <= fffff04e
                 362@00003008: $14 <= fffff04e
                 370@00003008: $14 <= fffff04e
                 378@00003008: $14 <= fffff04e
                 386@00003008: $14 <= fffff04e
                 394@00003008: $14 <= fffff04e
                 402@00003008: $14 <= fffff04e
                 410@00003008: $14 <= fffff04e
                 418@00003008: $14 <= fffff04e
                 426@00003008: $14 <= fffff04e
                 434@00003008: $14 <= fffff04e
                 442@00003008: $14 <= fffff04e
                 450@00003008: $14 <= fffff04e
                 458@00003008: $14 <= fffff04e
                 466@00003008: $14 <= fffff04e
                 474@00003008: $14 <= fffff04e
                 482@00003008: $14 <= fffff04e
                 490@00003008: $14 <= fffff04e
                 498@00003008: $14 <= fffff04e
                 506@00003008: $14 <= fffff04e
                 514@00003008: $14 <= fffff04e
                 522@00003008: $14 <= fffff04e
                 530@00003008: $14 <= fffff04e
                 538@00003008: $14 <= fffff04e
                 546@00003008: $14 <= fffff04e
                 554@00003008: $14 <= fffff04e
                 562@00003008: $14 <= fffff04e
                 570@00003008: $14 <= fffff04e
                 578@00003008: $14 <= fffff04e
                 586@00003008: $14 <= fffff04e
                 594@00003008: $14 <= fffff04e
                 602@00003008: $14 <= fffff04e
                 610@00003008: $14 <= fffff04e
                 618@00003008: $14 <= fffff04e
                 626@00003008: $14 <= fffff04e
                 634@00003008: $14 <= fffff04e
                 642@00003008: $14 <= fffff04e
                 650@00003008: $14 <= fffff04e
                 658@00003008: $14 <= fffff04e
                 666@00003008: $14 <= fffff04e
                 674@00003008: $14 <= fffff04e
                 682@00003008: $14 <= fffff04e
                 690@00003008: $14 <= fffff04e
                 698@00003008: $14 <= fffff04e
                 706@00003008: $14 <= fffff04e
                 714@00003008: $14 <= fffff04e
                 722@00003008: $14 <= fffff04e
                 730@00003008: $14 <= fffff04e
                 738@00003008: $14 <= fffff04e
                 746@00003008: $14 <= fffff04e
                 754@00003008: $14 <= fffff04e
                 762@00003008: $14 <= fffff04e
                 770@00003008: $14 <= fffff04e
                 778@00003008: $14 <= fffff04e
                 786@00003008: $14 <= fffff04e
                 794@00003008: $14 <= fffff04e
                 802@00003008: $14 <= fffff04e
                 810@00003008: $14 <= fffff04e
                 818@00003008: $14 <= fffff04e
                 826@00003008: $14 <= fffff04e
                 834@00003008: $14 <= fffff04e
                 842@00003008: $14 <= fffff04e
                 850@00003008: $14 <= fffff04e
                 858@00003008: $14 <= fffff04e
                 866@00003008: $14 <= fffff04e
                 874@00003008: $14 <= fffff04e
                 882@00003008: $14 <= fffff04e
                 890@00003008: $14 <= fffff04e
                 898@00003008: $14 <= fffff04e
                 906@00003008: $14 <= fffff04e
                 914@00003008: $14 <= fffff04e
                 922@00003008: $14 <= fffff04e
                 930@00003008: $14 <= fffff04e
                 938@00003008: $14 <= fffff04e
                 946@00003008: $14 <= fffff04e
                 954@00003008: $14 <= fffff04e
                 962@00003008: $14 <= fffff04e
                 970@00003008: $14 <= fffff04e
                 978@00003008: $14 <= fffff04e
                 986@00003008: $14 <= fffff04e
                 994@00003008: $14 <= fffff04e
ISim P.20131013 (signature 0x7708f090)
----------------------------------------------------------------------
INFO:Security:51 - The XILINXD_LICENSE_FILE environment variable is not set.
INFO:Security:53 - The LM_LICENSE_FILE environment variable is not set.
INFO:Security:68a - user is 27628, on host XIAONAOLIU.
WARNING:Security:43 - No license file was found in the standard Xilinx license directory.
WARNING:Security:44 - Since no license file was found,
       please run the Xilinx License Configuration Manager
       (xlcm or "Manage Xilinx Licenses")
       to assist in obtaining a license.
ERROR:Security:14 - No feature was available for 'ISIM'.

No such feature exists.
Feature:       ISIM
License path:  C:/.Xilinx;C:\Xilinx\14.7\ISE_DS\ISE\/data\*.lic;C:\Xilinx\14.7\ISE_DS\ISE\/coregen/core_licenses\Xilinx.lic;C:\Xilinx\14.7\ISE_DS\ISE\/coregen/core_licenses\XilinxFree.lic;C:\Xilinx\14.7\ISE_DS\EDK/data/core_licenses\Xilinx.lic;
FLEXnet Licensing error:-5,357
For further information, refer to the FLEXnet Licensing documentation,
available at "www.flexerasoftware.com".
----------------------------------------------------------------------
WARNING: A full ISim License cannot be checked out due to the issues listed above. Please use Xilinx License Configuration Manager to fix these issues in order to check out a full ISim license.
WARNING: ISim will run in Lite mode. Please refer to the ISim documentation for more information on the differences between the Lite and the Full version.
This is a Lite version of ISim.
# run 1000 ns
Simulator is doing circuit initialization process.
Finished circuit initialization process.
                  38@00003000: $ 5 <= 000071b8
                  42@00003004: $14 <= ffff0000
                  50@00003008: $14 <= fffff04e
                  58@0000300c: $ 5 <= 00000000
                  62@00003010: $ 5 <= 000053b2
                  70@00003014: $ 5 <= 00000000
                  74@00003018: $25 <= 0000396d
                  78@0000301c: *0000002c <= 00000000
                  86@00003020: $20 <= ffff0000
                  94@00003024: $20 <= ffffdff7
                  98@00003028: *00000148 <= 00000000
                 106@0000302c: $31 <= ffff0000
                 114@00003030: $31 <= ffff9e64
                 122@00003034: $ 5 <= 00000000
                 126@00003038: $11 <= ffff0000
                 134@0000303c: $11 <= ffff8004
                 138@00003040: $10 <= 00000043
                 146@00003044: $11 <= 00000000
                 150@00003048: $ 1 <= ffff0000
                 158@0000304c: $ 1 <= ffffb125
                 166@00003050: $11 <= 00000000
                 170@00003054: $20 <= ffff0000
                 178@00003058: $20 <= ffff9b70
                 186@0000305c: $11 <= 00000000
                 190@00003060: $18 <= 00007abd
                 194@00003064: *00000144 <= 00000000
                 202@00003068: $11 <= ffff0000
                 210@0000306c: $11 <= ffffa6d1
                 214@00003070: *00000090 <= a6d10000
                 222@00003074: $11 <= 000065cf
                 226@00003078: $25 <= ffff0000
                 234@0000307c: $25 <= ffffe3c3
                 242@00003080: $11 <= 00000000
                 246@00003084: $27 <= ffff0000
                 254@00003088: $27 <= ffffb142
                 258@0000308c: *0000016c <= 00000000
                 266@00003090: $18 <= ffff0000
                 274@00003094: $18 <= ffffec74
                 282@00003098: $11 <= 00000000
                 286@0000309c: $19 <= 00003aa9
                 290@000030a0: *00000114 <= 00000000
                 298@000030a4: $15 <= ffff0000
                 306@000030a8: $15 <= fffffa0f
                 310@000030ac: *000000b4 <= 00000000
                 318@000030b0: $ 3 <= f01c0000
                 326@000030b4: $ 3 <= f01caa63
                 330@000030b8: $16 <= 00001793
                 338@000030bc: $ 3 <= 00000000
                 342@000030c0: $24 <= ffff0000
                 350@000030c4: $24 <= ffffabfd
                 358@000030c8: $ 3 <= 00000000
                 362@000030cc: $30 <= 00000b3f
                 370@000030d0: $ 3 <= 00000000
                 374@000030d4: $13 <= ffff0000
                 382@000030d8: $13 <= ffffb25c
                 390@000030dc: $ 3 <= 00000000
                 394@000030e0: $21 <= ffff0000
                 402@000030e4: $21 <= ffffea6d
                 406@000030e8: *000000c8 <= 00000000
                 414@000030ec: $28 <= f6340000
                 422@000030f0: $28 <= f634759c
                 426@000030f4: $16 <= 0000793f
                 430@000030f8: *00000098 <= 0000759c
                 438@000030fc: $10 <= ffff0000
                 446@00003100: $10 <= ffff8d5a
                 450@00003104: *0000004c <= f634759c
                 458@00003108: $30 <= ffff0000
                 466@0000310c: $30 <= ffffaec4
                 474@00003110: $28 <= 00000000
                 478@00003114: $ 4 <= 00005a57
                 482@00003118: *000000d0 <= 00000000
                 490@0000311c: $22 <= ffff0000
                 498@00003120: $22 <= fffffb3c
                 506@00003124: $28 <= 00000000
                 510@00003128: $31 <= ffff0000
                 518@0000312c: $31 <= ffff8000
                 522@00003130: $17 <= 00003d60
                 530@00003134: $31 <= 00000000
                 534@00003138: $ 7 <= 00000c7b
                 542@0000313c: $31 <= 00000000
                 546@00003140: $ 7 <= 00006f42
                 554@00003144: $31 <= 00000000
                 558@00003148: $ 5 <= 000011b5
                 562@0000314c: *00000094 <= 00000000
                 570@00003150: $ 1 <= ffff0000
                 578@00003154: $ 1 <= ffffd087
                 582@00003158: *00000150 <= 00000000
                 594@00003160: $15 <= ffff0000
                 602@00003164: $15 <= ffffd180
                 614@0000316c: $ 6 <= ffff0000
                 622@00003170: $ 6 <= ffffaab7
                 634@00003178: $ 3 <= 00000f34
                 638@0000317c: *0000012c <= 00000000
                 646@00003180: $26 <= 00006458
                 658@00003188: $ 6 <= 000001c5
                 670@00003190: $14 <= 80000000
                 678@00003194: $14 <= 80000000
                 682@00003198: $22 <= ffff0000
                 690@0000319c: $22 <= ffff9328
                 698@000031a0: $14 <= 00000000
                 702@000031a4: $18 <= 00003a85
                 710@000031a8: $14 <= 00000000
                 714@000031ac: $ 1 <= 00003dc8
                 718@000031b0: *000000dc <= 00000000
                 726@000031b4: $ 9 <= 00001448
                 734@000031b8: $14 <= 00000000
                 738@000031bc: $ 9 <= ffff0000
                 746@000031c0: $ 9 <= ffff8155
                 750@000031c4: *00000110 <= 00000000
                 758@000031c8: $13 <= 00000000
                 762@000031cc: $20 <= 00002a68
                 770@000031d0: $13 <= 00000000
                 774@000031d4: $ 7 <= 00002629
                 778@000031d8: *00000094 <= 00000000
                 786@000031dc: $31 <= 00002666
                 794@000031e0: $13 <= 00000000
                 798@000031e4: $10 <= ffff0000
                 806@000031e8: $10 <= ffff9f62
                 810@000031ec: *000000fc <= 00000000
                 818@000031f0: $28 <= 000068c5
                 822@000031f4: *00000050 <= 00000000
                 834@000031fc: $14 <= 000006e2
                 846@00003204: $ 9 <= 00005bdb
                 858@0000320c: $ 5 <= ffff0000
                 866@00003210: $ 5 <= ffffab9c
                 870@00003214: *00000034 <= 00000000
                 878@00003218: $19 <= 00003b7b
                 890@00003220: $19 <= ffff0000
                 898@00003224: $19 <= ffffb3a7
                 910@0000322c: $23 <= 0000ec9a
                 918@00003238: *000000bc <= ec9a0000
                 926@0000323c: $ 2 <= ffff0000
                 934@00003240: $ 2 <= ffff965c
                 938@00003244: *000000f0 <= ec9a0000
                 946@00003248: $26 <= ffff0000
                 954@0000324c: $26 <= ffffadd5
                 958@00003250: *0000002c <= 0000ec9a
                 966@00003254: $30 <= 000079f2
                 970@00003258: *00000030 <= 0000ec9a
                 978@0000325c: $ 1 <= ffff0000
                 986@00003260: $ 1 <= ffff9930
                 994@00003264: $23 <= 00000000
                 998@00003268: $11 <= 80000000
ISim P.20131013 (signature 0x7708f090)
----------------------------------------------------------------------
INFO:Security:51 - The XILINXD_LICENSE_FILE environment variable is not set.
INFO:Security:53 - The LM_LICENSE_FILE environment variable is not set.
INFO:Security:68a - user is 27628, on host XIAONAOLIU.
WARNING:Security:43 - No license file was found in the standard Xilinx license directory.
WARNING:Security:44 - Since no license file was found,
       please run the Xilinx License Configuration Manager
       (xlcm or "Manage Xilinx Licenses")
       to assist in obtaining a license.
ERROR:Security:14 - No feature was available for 'ISIM'.

No such feature exists.
Feature:       ISIM
License path:  C:/.Xilinx;C:\Xilinx\14.7\ISE_DS\ISE\/data\*.lic;C:\Xilinx\14.7\ISE_DS\ISE\/coregen/core_licenses\Xilinx.lic;C:\Xilinx\14.7\ISE_DS\ISE\/coregen/core_licenses\XilinxFree.lic;C:\Xilinx\14.7\ISE_DS\EDK/data/core_licenses\Xilinx.lic;
FLEXnet Licensing error:-5,357
For further information, refer to the FLEXnet Licensing documentation,
available at "www.flexerasoftware.com".
----------------------------------------------------------------------
WARNING: A full ISim License cannot be checked out due to the issues listed above. Please use Xilinx License Configuration Manager to fix these issues in order to check out a full ISim license.
WARNING: ISim will run in Lite mode. Please refer to the ISim documentation for more information on the differences between the Lite and the Full version.
This is a Lite version of ISim.
# run 1000 ns
Simulator is doing circuit initialization process.
Finished circuit initialization process.
                  38@00003000: $28 <= 0000f8f2
                  42@00003004: $31 <= 00004cc5
                  46@00003008: $11 <= 0000748d
                  50@0000300c: $28 <= 00003881
                  58@00003014: $17 <= 00002e97
                  66@0000301c: $28 <= 00002b62
                  70@00003020: $31 <= 000066ec
                  74@00003024: $12 <= 0000bced
                  78@00003028: $10 <= 0000c8e1
                  82@0000302c: $31 <= 00003c1e
                  86@00003030: $21 <= 00007b55
                  90@00003034: $ 6 <= 00007148
                  94@00003038: $12 <= 0000c061
                  98@0000303c: $ 2 <= 0000fd99
                 106@00003044: $ 9 <= 00003c1e
                 114@000030ec: $28 <= 00000015
                 118@000030f0: $21 <= 00000013
                 122@000030f4: $12 <= 0000000b
                 126@000030f8: $31 <= 0000002a
                 130@000030fc: $ 9 <= 00003050
                 134@00003100: $11 <= 00003064
                 138@00003104: $22 <= 00003078
                 142@00003108: $ 6 <= 0000308c
                 146@0000310c: $25 <= 000030e4
                 150@00003110: $ 2 <= 000030e4
                 154@00003114: $10 <= 000030c8
                 158@0000311c: *00000000 <= 00003078
                 158@00003118: $17 <= 000030e4
                 162@00003120: *00000008 <= 00000015
                 166@00003124: *0000000c <= 000030e4
                 170@00003128: *00000000 <= 00003064
                 174@0000312c: *00000000 <= 0000308c
                 178@00003130: *00000030 <= 000030e4
                 182@00003134: *00000024 <= 000030e4
                 186@00003138: *00000000 <= 0000002a
                 190@0000313c: *00000028 <= 00000015
                 194@00003140: *00000020 <= 000030e4
                 198@00003144: *00000028 <= 00000015
                 202@00003148: *0000002c <= 0000000b
                 206@0000314c: *0000001c <= 000030e4
                 210@00003150: *0000001c <= 000030e4
                 214@00003154: *00000024 <= 0000308c
                 218@00003158: *00000020 <= 00000015
                 222@0000315c: *00000018 <= 000030e4
                 226@00003160: *0000000c <= 0000002a
                 230@00003164: *00000004 <= 00000000
                 234@00003168: *0000002c <= 0000002a
                 246@00003170: $21 <= 00000028
                 250@00003178: *00000028 <= 0000002a
                 262@00003180: $31 <= 00003180
                 266@00003184: $31 <= 00000021
                 270@00003188: $12 <= 00000051
                 286@00003198: $31 <= 0000319c
                 306@0000319c: $31 <= 000031a4
                 330@000031a8: $31 <= 000031ac
                 334@000031b0: $31 <= 00000027
                 338@000031b4: $12 <= 0000000b
                 342@000031b8: $31 <= 00000000
                 346@000031bc: $21 <= 00000000
                 354@000031c4: $31 <= 000031c8
                 370@00003054: $ 9 <= 00003050
                 374@000031c8: $31 <= 000031c8
                 378@000031cc: $31 <= 0000002c
                 382@000031d0: $31 <= 00000000
                 394@000031d8: $31 <= 000031e0
                 418@000031e4: $31 <= 000031e4
                 422@000031e8: $31 <= 00000012
                 426@000031ec: $28 <= 00000000
                 430@000031f0: $31 <= 000031f8
                 434@000031f4: $31 <= 000031f8
                 442@00003044: $ 9 <= 000031f8
                 462@000031f8: $28 <= 00000000
                 466@000031fc: $28 <= 00000000
                 470@00003200: $31 <= 00003200
                 474@00003204: $ 9 <= 00003050
                 478@00003208: $31 <= 0000001a
                 486@00003210: $31 <= 00003214
                 502@00003214: *00000040 <= 00000000
                 510@00003218: $21 <= 00003214
                 518@00003220: $31 <= 00003220
                 522@00003224: $21 <= 00000006
                 526@00003228: $31 <= 00000005
                 530@0000322c: $31 <= 0000006d
                 534@00003230: $21 <= 0000006d
                 550@0000323c: $31 <= 00003240
                 562@00003244: $28 <= 00000000
                 590@0000324c: $31 <= 0000324c
                 594@00003250: $21 <= 0000000a
                 598@00003254: $31 <= 00000006
                 610@00003260: $31 <= 00000000
                 614@00003264: $31 <= 0000326c
                 618@00003268: $31 <= 0000326c
                 626@0000306c: $22 <= 0000326c
                 646@0000326c: $31 <= 0000326c
                 650@00003270: $22 <= 00003078
                 654@00003274: $31 <= 00000003
                 658@00003278: $21 <= 0000001c
                 678@0000328c: $31 <= 00003290
                 686@00003294: $31 <= 00003298
                 702@00003090: $ 6 <= 0000308c
                 714@000032a0: $31 <= 000032a4
                 718@000032a4: $31 <= 000032a4
                 722@000032a8: $31 <= 00000021
                 726@000032ac: $21 <= 0000002d
                 730@000032b0: $21 <= 0000002d
                 734@000032b4: $21 <= 00000000
                 750@000032bc: $31 <= 000032c0
                 754@000032d0: $31 <= 00000018
                 758@000032d4: $21 <= 00000007
                 762@000032d8: $31 <= 00000007
                 778@000032e0: $31 <= 000032e4
                 782@000032f4: $31 <= 00000025
                 786@000032f8: $28 <= 00000024
                 790@000032fc: $31 <= 00000024
                 794@00003300: $31 <= 00000000
                 810@00003308: $31 <= 0000330c
                 814@00003318: $31 <= 0000000c
                 834@0000332c: $31 <= 0000332c
                 838@00003330: $31 <= 00000000
                 858@00003344: $31 <= 00003348
                 862@00003358: $31 <= 00000016
                 866@0000335c: $21 <= 000000ba
                 882@00003368: $31 <= 0000336c
                 890@00003370: $31 <= 00003374
                 906@0000307c: $22 <= 00003078
                 910@00003374: $28 <= 00000000
                 918@0000337c: $31 <= 0000337c
                 922@00003380: $21 <= 00000012
                 926@00003384: $31 <= 00000031
                 930@00003388: $21 <= 0000005a
                 946@00003398: $31 <= 0000339c
                 962@000030cc: $10 <= 000030c8
                 970@000033a0: $31 <= 000033a4
                 978@000033a8: $31 <= 000033ac
                 998@000033ac: $31 <= 000033ac
