Running: fuse.exe -relaunch -intstyle "ise" -incremental -lib "unisims_ver" -lib "unimacro_ver" -lib "xilinxcorelib_ver" -o "C:/Users/27628/Desktop/CO-2025/P5/PipeLineCPU/mips_tb_isim_beh.exe" -prj "C:/Users/27628/Desktop/CO-2025/P5/PipeLineCPU/mips_tb_beh.prj" "work.mips_tb" "work.glbl" 
ISim P.20131013 (signature 0x7708f090)
Number of CPUs detected in this system: 20
Turning on mult-threading, number of parallel sub-compilation jobs: 40 
Determining compilation order of HDL files
WARNING:Simulator:1010 - One or more environment variables have been detected which affect the operation of the C compiler. These are typically not set in standard installations and are not tested by Xilinx, however they may be appropriate for your system, so the flow will attempt to continue.  If errors occur, try running fuse with the "-mt off -v 1" switches to see more information from the C compiler. The following environment variables have been detected:
Analyzing Verilog file "C:/Users/27628/Desktop/CO-2025/P5/PipeLineCPU/Splitter.v" into library work
Analyzing Verilog file "C:/Users/27628/Desktop/CO-2025/P5/PipeLineCPU/M_DM.v" into library work
Analyzing Verilog file "C:/Users/27628/Desktop/CO-2025/P5/PipeLineCPU/MW_REG.v" into library work
Analyzing Verilog file "C:/Users/27628/Desktop/CO-2025/P5/PipeLineCPU/Hazard_controller.v" into library work
Analyzing Verilog file "C:/Users/27628/Desktop/CO-2025/P5/PipeLineCPU/F_PC.v" into library work
Analyzing Verilog file "C:/Users/27628/Desktop/CO-2025/P5/PipeLineCPU/F_IM.v" into library work
Analyzing Verilog file "C:/Users/27628/Desktop/CO-2025/P5/PipeLineCPU/FD_REG.v" into library work
Analyzing Verilog file "C:/Users/27628/Desktop/CO-2025/P5/PipeLineCPU/E_ALU.v" into library work
Analyzing Verilog file "C:/Users/27628/Desktop/CO-2025/P5/PipeLineCPU/EM_REG.v" into library work
Analyzing Verilog file "C:/Users/27628/Desktop/CO-2025/P5/PipeLineCPU/D_GRF.v" into library work
Analyzing Verilog file "C:/Users/27628/Desktop/CO-2025/P5/PipeLineCPU/D_EXT.v" into library work
Analyzing Verilog file "C:/Users/27628/Desktop/CO-2025/P5/PipeLineCPU/D_CMP.v" into library work
Analyzing Verilog file "C:/Users/27628/Desktop/CO-2025/P5/PipeLineCPU/DF_NPC.v" into library work
Analyzing Verilog file "C:/Users/27628/Desktop/CO-2025/P5/PipeLineCPU/DE_REG.v" into library work
Analyzing Verilog file "C:/Users/27628/Desktop/CO-2025/P5/PipeLineCPU/Controller.v" into library work
Analyzing Verilog file "C:/Users/27628/Desktop/CO-2025/P5/PipeLineCPU/mips.v" into library work
Analyzing Verilog file "C:/Users/27628/Desktop/CO-2025/P5/PipeLineCPU/mips_tb.v" into library work
Analyzing Verilog file "C:/Xilinx/14.7/ISE_DS/ISE//verilog/src/glbl.v" into library work
Starting static elaboration
WARNING:HDLCompiler:1016 - "C:/Users/27628/Desktop/CO-2025/P5/PipeLineCPU/mips.v" Line 196: Port ALU_BSrc is not connected to this instance
WARNING:HDLCompiler:1016 - "C:/Users/27628/Desktop/CO-2025/P5/PipeLineCPU/mips.v" Line 250: Port Reg_WrSel is not connected to this instance
WARNING:HDLCompiler:1016 - "C:/Users/27628/Desktop/CO-2025/P5/PipeLineCPU/mips.v" Line 296: Port M_RFWr is not connected to this instance
WARNING:HDLCompiler:1016 - "C:/Users/27628/Desktop/CO-2025/P5/PipeLineCPU/mips.v" Line 315: Port Reg_WrSel is not connected to this instance
WARNING:HDLCompiler:1016 - "C:/Users/27628/Desktop/CO-2025/P5/PipeLineCPU/mips.v" Line 363: Port Reg_WrSel is not connected to this instance
Completed static elaboration
Compiling module F_PC
Compiling module F_IM
Compiling module FD_REG
Compiling module Splitter
Compiling module D_GRF
Compiling module D_EXT
Compiling module D_CMP
Compiling module DF_NPC
Compiling module Controller
Compiling module DE_REG
Compiling module E_ALU
Compiling module EM_REG
Compiling module M_DM
Compiling module MW_REG
Compiling module HazardCtrl
Compiling module mips
Compiling module mips_tb
Compiling module glbl
Time Resolution for simulation is 1ps.
Compiled 18 Verilog Units
Built simulation executable C:/Users/27628/Desktop/CO-2025/P5/PipeLineCPU/mips_tb_isim_beh.exe
Fuse Memory Usage: 35816 KB
Fuse CPU Usage: 468 ms
